Using pre-set license
Built from '2021.3/staging' branch; Version is '2021.3.10f1 (1c7d0df0160b) revision 1867021'; Using compiler version '192829333'; Build Type 'Release'
OS: 'Windows 11  (10.0.22621) 64bit Core' Language: 'es' Physical Memory: 16173 MB
BatchMode: 1, IsHumanControllingUs: 0, StartBugReporterOnCrash: 0, Is64bit: 1, IsPro: 1

COMMAND LINE ARGUMENTS:
C:\Program Files\Unity\Hub\Editor\2021.3.10f1\Editor\Unity.exe
-adb2
-batchMode
-noUpm
-name
AssetImportWorker0
-projectPath
D:/PMM/PMM - Unity Project
-logFile
Logs/AssetImportWorker0.log
-srvPort
55884
Successfully changed project path to: D:/PMM/PMM - Unity Project
D:/PMM/PMM - Unity Project
[UnityMemory] Configuration Parameters - Can be set up in boot.config
    "memorysetup-bucket-allocator-granularity=16"
    "memorysetup-bucket-allocator-bucket-count=8"
    "memorysetup-bucket-allocator-block-size=33554432"
    "memorysetup-bucket-allocator-block-count=8"
    "memorysetup-main-allocator-block-size=16777216"
    "memorysetup-thread-allocator-block-size=16777216"
    "memorysetup-gfx-main-allocator-block-size=16777216"
    "memorysetup-gfx-thread-allocator-block-size=16777216"
    "memorysetup-cache-allocator-block-size=4194304"
    "memorysetup-typetree-allocator-block-size=2097152"
    "memorysetup-profiler-bucket-allocator-granularity=16"
    "memorysetup-profiler-bucket-allocator-bucket-count=8"
    "memorysetup-profiler-bucket-allocator-block-size=33554432"
    "memorysetup-profiler-bucket-allocator-block-count=8"
    "memorysetup-profiler-allocator-block-size=16777216"
    "memorysetup-profiler-editor-allocator-block-size=1048576"
    "memorysetup-temp-allocator-size-main=16777216"
    "memorysetup-job-temp-allocator-block-size=2097152"
    "memorysetup-job-temp-allocator-block-size-background=1048576"
    "memorysetup-job-temp-allocator-reduction-small-platforms=262144"
    "memorysetup-temp-allocator-size-background-worker=32768"
    "memorysetup-temp-allocator-size-job-worker=262144"
    "memorysetup-temp-allocator-size-preload-manager=33554432"
    "memorysetup-temp-allocator-size-nav-mesh-worker=65536"
    "memorysetup-temp-allocator-size-audio-worker=65536"
    "memorysetup-temp-allocator-size-cloud-worker=32768"
    "memorysetup-temp-allocator-size-gi-baking-worker=262144"
    "memorysetup-temp-allocator-size-gfx=262144"
Refreshing native plugins compatible for Editor in 185.15 ms, found 3 plugins.
Preloading 0 native plugins for Editor in 0.00 ms.
Initialize engine version: 2021.3.10f1 (1c7d0df0160b)
[Subsystems] Discovering subsystems at path C:/Program Files/Unity/Hub/Editor/2021.3.10f1/Editor/Data/Resources/UnitySubsystems
[Subsystems] Discovering subsystems at path D:/PMM/PMM - Unity Project/Assets
GfxDevice: creating device client; threaded=0; jobified=0
Direct3D:
    Version:  Direct3D 11.0 [level 11.1]
    Renderer: NVIDIA GeForce RTX 3060 Laptop GPU (ID=0x2520)
    Vendor:   NVIDIA
    VRAM:     6009 MB
    Driver:   31.0.15.2686
Initialize mono
Mono path[0] = 'C:/Program Files/Unity/Hub/Editor/2021.3.10f1/Editor/Data/Managed'
Mono path[1] = 'C:/Program Files/Unity/Hub/Editor/2021.3.10f1/Editor/Data/MonoBleedingEdge/lib/mono/unityjit-win32'
Mono config path = 'C:/Program Files/Unity/Hub/Editor/2021.3.10f1/Editor/Data/MonoBleedingEdge/etc'
Using monoOptions --debugger-agent=transport=dt_socket,embedding=1,server=y,suspend=n,address=127.0.0.1:56884
Begin MonoManager ReloadAssembly
Registering precompiled unity dll's ...
Register platform support module: C:/Program Files/Unity/Hub/Editor/2021.3.10f1/Editor/Data/PlaybackEngines/WindowsStandaloneSupport/UnityEditor.WindowsStandalone.Extensions.dll
Registered in 0.006522 seconds.
Native extension for WindowsStandalone target not found
Refreshing native plugins compatible for Editor in 191.22 ms, found 3 plugins.
Preloading 0 native plugins for Editor in 0.00 ms.
Mono: successfully reloaded assembly
- Completed reload, in  0.984 seconds
Domain Reload Profiling:
	ReloadAssembly (984ms)
		BeginReloadAssembly (96ms)
			ExecutionOrderSort (0ms)
			DisableScriptedObjects (0ms)
			BackupInstance (0ms)
			ReleaseScriptingObjects (0ms)
			CreateAndSetChildDomain (1ms)
		EndReloadAssembly (730ms)
			LoadAssemblies (93ms)
			RebuildTransferFunctionScriptingTraits (0ms)
			SetupTypeCache (154ms)
			ReleaseScriptCaches (0ms)
			RebuildScriptCaches (39ms)
			SetupLoadedEditorAssemblies (466ms)
				LogAssemblyErrors (0ms)
				InitializePlatformSupportModulesInManaged (11ms)
				SetLoadedEditorAssemblies (0ms)
				RefreshPlugins (191ms)
				BeforeProcessingInitializeOnLoad (2ms)
				ProcessInitializeOnLoadAttributes (198ms)
				ProcessInitializeOnLoadMethodAttributes (63ms)
				AfterProcessingInitializeOnLoad (0ms)
				EditorAssembliesLoaded (0ms)
			ExecutionOrderSort2 (0ms)
			AwakeInstancesAfterBackupRestoration (0ms)
Platform modules already initialized, skipping
Registering precompiled user dll's ...
Registered in 0.006607 seconds.
Begin MonoManager ReloadAssembly
Symbol file LoadedFromMemory doesn't match image D:\PMM\PMM - Unity Project\Library\PackageCache\com.unity.visualscripting@1.7.8\Editor\VisualScripting.Core\Dependencies\YamlDotNet\Unity.VisualScripting.YamlDotNet.dll
Symbol file LoadedFromMemory doesn't match image D:\PMM\PMM - Unity Project\Library\PackageCache\com.unity.visualscripting@1.7.8\Editor\VisualScripting.Core\Dependencies\DotNetZip\Unity.VisualScripting.IonicZip.dll
Native extension for WindowsStandalone target not found
Refreshing native plugins compatible for Editor in 190.65 ms, found 3 plugins.
Preloading 0 native plugins for Editor in 0.00 ms.
Mono: successfully reloaded assembly
- Completed reload, in  2.214 seconds
Domain Reload Profiling:
	ReloadAssembly (2215ms)
		BeginReloadAssembly (151ms)
			ExecutionOrderSort (0ms)
			DisableScriptedObjects (8ms)
			BackupInstance (0ms)
			ReleaseScriptingObjects (0ms)
			CreateAndSetChildDomain (25ms)
		EndReloadAssembly (1895ms)
			LoadAssemblies (128ms)
			RebuildTransferFunctionScriptingTraits (0ms)
			SetupTypeCache (544ms)
			ReleaseScriptCaches (1ms)
			RebuildScriptCaches (106ms)
			SetupLoadedEditorAssemblies (1044ms)
				LogAssemblyErrors (0ms)
				InitializePlatformSupportModulesInManaged (6ms)
				SetLoadedEditorAssemblies (0ms)
				RefreshPlugins (191ms)
				BeforeProcessingInitializeOnLoad (182ms)
				ProcessInitializeOnLoadAttributes (528ms)
				ProcessInitializeOnLoadMethodAttributes (128ms)
				AfterProcessingInitializeOnLoad (9ms)
				EditorAssembliesLoaded (0ms)
			ExecutionOrderSort2 (0ms)
			AwakeInstancesAfterBackupRestoration (8ms)
Platform modules already initialized, skipping
========================================================================
Worker process is ready to serve import requests
Launched and connected shader compiler UnityShaderCompiler.exe after 0.06 seconds
Refreshing native plugins compatible for Editor in 1.35 ms, found 3 plugins.
Preloading 0 native plugins for Editor in 0.00 ms.
Unloading 6009 Unused Serialized files (Serialized files now loaded: 0)
Unloading 52 unused Assets / (0.8 MB). Loaded Objects now: 6463.
Memory consumption went from 236.7 MB to 235.9 MB.
Total: 6.800300 ms (FindLiveObjects: 0.601300 ms CreateObjectMapping: 0.664700 ms MarkObjects: 4.856800 ms  DeleteObjects: 0.676200 ms)

AssetImportParameters requested are different than current active one (requested -> active):
  custom:video-decoder-ogg-theora: a1e56fd34408186e4bbccfd4996cb3dc -> 
  custom:container-muxer-webm: aa71ff27fc2769a1b78a27578f13a17b -> 
  custom:container-demuxer-webm: 4f35f7cbe854078d1ac9338744f61a02 -> 
  custom:video-encoder-webm-vp8: eb34c28f22e8b96e1ab97ce403110664 -> 
  custom:audio-encoder-webm-vorbis: bf7c407c2cedff20999df2af8eb42d56 -> 
  custom:framework-win-MediaFoundation: 216162199b28c13a410421893ffa2e32 -> 
  custom:container-demuxer-ogg: 62fdf1f143b41e24485cea50d1cbac27 -> 
  custom:video-decoder-webm-vp8: 9c59270c3fd7afecdb556c50c9e8de78 -> 
  custom:audio-decoder-ogg-vorbis: bf7c407c2cedff20999df2af8eb42d56 -> 
========================================================================
Received Import Request.
  Time since last request: 1827.998348 seconds.
  path: Assets/Environment/Prefabs/Environment_Prefab.prefab
  artifactKey: Guid(09aade0ecefd01e4b8f7661acf64f5c2) Importer(815301076,1909f56bfc062723c751e8b465ee728b)
Start importing Assets/Environment/Prefabs/Environment_Prefab.prefab using Guid(09aade0ecefd01e4b8f7661acf64f5c2) Importer(815301076,1909f56bfc062723c751e8b465ee728b)  -> (artifact id: '4468e8d8d0cf79a483af9574e4d1fa1e') in 3.813590 seconds 
========================================================================
Received Import Request.
  Time since last request: 0.000033 seconds.
  path: Assets/Environment/Prefabs/Structure_Prefab.prefab
  artifactKey: Guid(79e624e6a8770a946afb866fd94b394b) Importer(815301076,1909f56bfc062723c751e8b465ee728b)
Start importing Assets/Environment/Prefabs/Structure_Prefab.prefab using Guid(79e624e6a8770a946afb866fd94b394b) Importer(815301076,1909f56bfc062723c751e8b465ee728b)  -> (artifact id: '2d4d5b7c9d3d5ede78f595447fe7a8d1') in 0.028280 seconds 
========================================================================
Received Import Request.
  Time since last request: 0.000039 seconds.
  path: Assets/Environment/Prefabs/Stairs_650_400_300_Prefab.prefab
  artifactKey: Guid(50a0925b0c22af146a2d15615f815a1c) Importer(815301076,1909f56bfc062723c751e8b465ee728b)
Start importing Assets/Environment/Prefabs/Stairs_650_400_300_Prefab.prefab using Guid(50a0925b0c22af146a2d15615f815a1c) Importer(815301076,1909f56bfc062723c751e8b465ee728b)  -> (artifact id: '224f53f15ab7250d8f8930474c6bee3e') in 0.024773 seconds 
========================================================================
Received Import Request.
  Time since last request: 0.000044 seconds.
  path: Assets/Environment/Prefabs/Wall_Prefab.prefab
  artifactKey: Guid(9eb847ab97b24024588682c8601254cf) Importer(815301076,1909f56bfc062723c751e8b465ee728b)
Start importing Assets/Environment/Prefabs/Wall_Prefab.prefab using Guid(9eb847ab97b24024588682c8601254cf) Importer(815301076,1909f56bfc062723c751e8b465ee728b)  -> (artifact id: 'e98d6b98536d3b390c6ced49b03d38bb') in 0.023039 seconds 
========================================================================
Received Import Request.
  Time since last request: 0.000034 seconds.
  path: Assets/Environment/Prefabs/Stairs_200x100x200_Prefab.prefab
  artifactKey: Guid(466621a4836aa504c87c15d88722d465) Importer(815301076,1909f56bfc062723c751e8b465ee728b)
Start importing Assets/Environment/Prefabs/Stairs_200x100x200_Prefab.prefab using Guid(466621a4836aa504c87c15d88722d465) Importer(815301076,1909f56bfc062723c751e8b465ee728b)  -> (artifact id: '840ed0de0fde19dfd55a7be77d7eb803') in 0.023341 seconds 
========================================================================
Received Import Request.
  Time since last request: 0.000034 seconds.
  path: Assets/Environment/Art/Models/Box_350x250x200_Mesh.fbx
  artifactKey: Guid(c6a55ba99e9e99d41b7eef123e311a43) Importer(815301076,1909f56bfc062723c751e8b465ee728b)
Start importing Assets/Environment/Art/Models/Box_350x250x200_Mesh.fbx using Guid(c6a55ba99e9e99d41b7eef123e311a43) Importer(815301076,1909f56bfc062723c751e8b465ee728b)  -> (artifact id: 'db4176999afe5fd7b4351fc243349219') in 0.077997 seconds 
========================================================================
Received Import Request.
  Time since last request: 0.000032 seconds.
  path: Assets/Environment/Art/Models/Box_350x250x300_Mesh.fbx
  artifactKey: Guid(d2f0da3998423f44594868ffed55c3e6) Importer(815301076,1909f56bfc062723c751e8b465ee728b)
Start importing Assets/Environment/Art/Models/Box_350x250x300_Mesh.fbx using Guid(d2f0da3998423f44594868ffed55c3e6) Importer(815301076,1909f56bfc062723c751e8b465ee728b)  -> (artifact id: '0346395715456696191c207d900c2104') in 0.041355 seconds 
========================================================================
Received Import Request.
  Time since last request: 0.000032 seconds.
  path: Assets/Environment/Art/Models/Tunnel_Mesh.fbx
  artifactKey: Guid(f712806514868e54699156ec05dcb749) Importer(815301076,1909f56bfc062723c751e8b465ee728b)
Start importing Assets/Environment/Art/Models/Tunnel_Mesh.fbx using Guid(f712806514868e54699156ec05dcb749) Importer(815301076,1909f56bfc062723c751e8b465ee728b)  -> (artifact id: 'e2df28b546eb8641acfcf8141811df1f') in 0.040493 seconds 
========================================================================
Received Import Request.
  Time since last request: 0.000038 seconds.
  path: Assets/Environment/Art/Models/Wall_Mesh.fbx
  artifactKey: Guid(ff02a0a00ab750f48b09459b1cafd1b8) Importer(815301076,1909f56bfc062723c751e8b465ee728b)
Start importing Assets/Environment/Art/Models/Wall_Mesh.fbx using Guid(ff02a0a00ab750f48b09459b1cafd1b8) Importer(815301076,1909f56bfc062723c751e8b465ee728b)  -> (artifact id: '74f908633bddc89e711d7c56d6decdc4') in 0.042947 seconds 
========================================================================
Received Import Request.
  Time since last request: 0.000033 seconds.
  path: Assets/Environment/Art/Models/Stairs_650_400_300_Mesh.fbx
  artifactKey: Guid(7e0223e1d3e1733499accfa5ebffb67e) Importer(815301076,1909f56bfc062723c751e8b465ee728b)
Start importing Assets/Environment/Art/Models/Stairs_650_400_300_Mesh.fbx using Guid(7e0223e1d3e1733499accfa5ebffb67e) Importer(815301076,1909f56bfc062723c751e8b465ee728b)  -> (artifact id: '755dc4ecc36257809591eec2d9261519') in 0.068040 seconds 
========================================================================
Received Import Request.
  Time since last request: 0.000044 seconds.
  path: Assets/Environment/Art/Models/Ramp_Mesh.fbx
  artifactKey: Guid(426a2785f8a940049aac2c246661cf09) Importer(815301076,1909f56bfc062723c751e8b465ee728b)
Start importing Assets/Environment/Art/Models/Ramp_Mesh.fbx using Guid(426a2785f8a940049aac2c246661cf09) Importer(815301076,1909f56bfc062723c751e8b465ee728b)  -> (artifact id: 'a2368238b6d366d5dec6dcbb9e4b6647') in 0.033699 seconds 
========================================================================
Received Import Request.
  Time since last request: 0.000030 seconds.
  path: Assets/Environment/Art/Models
  artifactKey: Guid(a725de072e7eb4d449d782a7c86fd0bf) Importer(815301076,1909f56bfc062723c751e8b465ee728b)
Start importing Assets/Environment/Art/Models using Guid(a725de072e7eb4d449d782a7c86fd0bf) Importer(815301076,1909f56bfc062723c751e8b465ee728b)  -> (artifact id: '1c627d41bfaa562a60111264e6b3e574') in 0.006862 seconds 
========================================================================
Received Import Request.
  Time since last request: 0.000054 seconds.
  path: Assets/Environment/Prefabs/Box_350x250x200_Prefab.prefab
  artifactKey: Guid(7b846d8f536f007498c941069487ce81) Importer(815301076,1909f56bfc062723c751e8b465ee728b)
Start importing Assets/Environment/Prefabs/Box_350x250x200_Prefab.prefab using Guid(7b846d8f536f007498c941069487ce81) Importer(815301076,1909f56bfc062723c751e8b465ee728b)  -> (artifact id: 'c2a860e9da788f2dacf3c91592161063') in 0.024836 seconds 
========================================================================
Received Import Request.
  Time since last request: 0.000030 seconds.
  path: Assets/Environment/Art/Models/Stairs_200x100x200_Mesh.fbx
  artifactKey: Guid(fce3bf5a5b603db45ab0048fb6ab44df) Importer(815301076,1909f56bfc062723c751e8b465ee728b)
Start importing Assets/Environment/Art/Models/Stairs_200x100x200_Mesh.fbx using Guid(fce3bf5a5b603db45ab0048fb6ab44df) Importer(815301076,1909f56bfc062723c751e8b465ee728b)  -> (artifact id: '7a7462149b03a6924a646310e0723a21') in 0.054199 seconds 
========================================================================
Received Import Request.
  Time since last request: 0.000080 seconds.
  path: Assets/Environment/Prefabs/Box_350x250x300_Prefab.prefab
  artifactKey: Guid(687dbafc2b84b2846b9a4a7a7dae2a7e) Importer(815301076,1909f56bfc062723c751e8b465ee728b)
Start importing Assets/Environment/Prefabs/Box_350x250x300_Prefab.prefab using Guid(687dbafc2b84b2846b9a4a7a7dae2a7e) Importer(815301076,1909f56bfc062723c751e8b465ee728b)  -> (artifact id: 'd00387a2c11ed0c0621859a62bc46df0') in 0.023114 seconds 
========================================================================
Received Import Request.
  Time since last request: 0.000029 seconds.
  path: Assets/Environment/Prefabs/Tunnel_Prefab.prefab
  artifactKey: Guid(e5d7b87d422ee0f478ee09eb32e24f4e) Importer(815301076,1909f56bfc062723c751e8b465ee728b)
Start importing Assets/Environment/Prefabs/Tunnel_Prefab.prefab using Guid(e5d7b87d422ee0f478ee09eb32e24f4e) Importer(815301076,1909f56bfc062723c751e8b465ee728b)  -> (artifact id: '9c531494f6070060c7868202d7c354dd') in 0.021894 seconds 
========================================================================
Received Import Request.
  Time since last request: 0.000036 seconds.
  path: Assets/Environment/Prefabs/Ramp_Prefab.prefab
  artifactKey: Guid(8a7437817844dce4894b049de73b75f2) Importer(815301076,1909f56bfc062723c751e8b465ee728b)
Start importing Assets/Environment/Prefabs/Ramp_Prefab.prefab using Guid(8a7437817844dce4894b049de73b75f2) Importer(815301076,1909f56bfc062723c751e8b465ee728b)  -> (artifact id: 'f66d734f31dc8f369871db5e1a56aee7') in 0.021146 seconds 
========================================================================
Received Import Request.
  Time since last request: 0.000032 seconds.
  path: Assets/Environment/Art/Models/Ramp_100x100x200_Mesh.fbx
  artifactKey: Guid(bfff06aaff363a847ad37bf592364e6b) Importer(815301076,1909f56bfc062723c751e8b465ee728b)
Start importing Assets/Environment/Art/Models/Ramp_100x100x200_Mesh.fbx using Guid(bfff06aaff363a847ad37bf592364e6b) Importer(815301076,1909f56bfc062723c751e8b465ee728b)  -> (artifact id: 'df7068b4aa369a618bf65ac685ff8e98') in 0.033911 seconds 
========================================================================
Received Import Request.
  Time since last request: 0.000031 seconds.
  path: Assets/Environment/Prefabs/Box_100x100x100_Prefab.prefab
  artifactKey: Guid(e5f4daf24146ee040b5a2d7a73b30aa0) Importer(815301076,1909f56bfc062723c751e8b465ee728b)
Start importing Assets/Environment/Prefabs/Box_100x100x100_Prefab.prefab using Guid(e5f4daf24146ee040b5a2d7a73b30aa0) Importer(815301076,1909f56bfc062723c751e8b465ee728b)  -> (artifact id: 'e87cf6a89c111b2e7843b971c5def285') in 0.020647 seconds 
========================================================================
Received Import Request.
  Time since last request: 0.000030 seconds.
  path: Assets/Environment/Art/Models/Ground_Mesh.fbx
  artifactKey: Guid(aa38d7b0e367ecc4aac915dcfe957879) Importer(815301076,1909f56bfc062723c751e8b465ee728b)
Start importing Assets/Environment/Art/Models/Ground_Mesh.fbx using Guid(aa38d7b0e367ecc4aac915dcfe957879) Importer(815301076,1909f56bfc062723c751e8b465ee728b)  -> (artifact id: '61d5962330a3e0db0bac7cb87a558774') in 0.032439 seconds 
========================================================================
Received Import Request.
  Time since last request: 0.000035 seconds.
  path: Assets/Environment/Art/Models/Structure_Mesh.fbx
  artifactKey: Guid(d0a9bfb4b5f28174884e89dd76563ae8) Importer(815301076,1909f56bfc062723c751e8b465ee728b)
Start importing Assets/Environment/Art/Models/Structure_Mesh.fbx using Guid(d0a9bfb4b5f28174884e89dd76563ae8) Importer(815301076,1909f56bfc062723c751e8b465ee728b)  -> (artifact id: '830bf558c8094a644a0450bd1aac9dd7') in 0.031963 seconds 
========================================================================
Received Import Request.
  Time since last request: 20.541530 seconds.
  path: Assets/TreesPack/prefab
  artifactKey: Guid(981e29e385ce0134496d869d4d80e7a4) Importer(815301076,1909f56bfc062723c751e8b465ee728b)
Start importing Assets/TreesPack/prefab using Guid(981e29e385ce0134496d869d4d80e7a4) Importer(815301076,1909f56bfc062723c751e8b465ee728b)  -> (artifact id: 'ddb2ae1e5e6f80d92f9aee11b82fcd4b') in 0.007587 seconds 
========================================================================
Received Import Request.
  Time since last request: 0.775375 seconds.
  path: Assets/TreesPack/prefab/Tree12
  artifactKey: Guid(1a7d3644edbfc11468ec679707f9e792) Importer(815301076,1909f56bfc062723c751e8b465ee728b)
Start importing Assets/TreesPack/prefab/Tree12 using Guid(1a7d3644edbfc11468ec679707f9e792) Importer(815301076,1909f56bfc062723c751e8b465ee728b)  -> (artifact id: 'a907c28e6c2db3e427c852c3ff670781') in 0.009936 seconds 
========================================================================
Received Import Request.
  Time since last request: 0.045641 seconds.
  path: Assets/TreesPack/prefab/Tree12/Rakshi_Tree2_1.prefab
  artifactKey: Guid(72d888884df4b474cab0cc1345140a6f) Importer(815301076,1909f56bfc062723c751e8b465ee728b)
Start importing Assets/TreesPack/prefab/Tree12/Rakshi_Tree2_1.prefab using Guid(72d888884df4b474cab0cc1345140a6f) Importer(815301076,1909f56bfc062723c751e8b465ee728b)  -> (artifact id: '6a3d966a14e8f7949c407c1a18866db4') in 0.079299 seconds 
========================================================================
Received Import Request.
  Time since last request: 0.000043 seconds.
  path: Assets/TreesPack/prefab/Tree12/Rakshi_Tree2_2.prefab
  artifactKey: Guid(d198960c824712f47910b26db9da2156) Importer(815301076,1909f56bfc062723c751e8b465ee728b)
Start importing Assets/TreesPack/prefab/Tree12/Rakshi_Tree2_2.prefab using Guid(d198960c824712f47910b26db9da2156) Importer(815301076,1909f56bfc062723c751e8b465ee728b)  -> (artifact id: 'a8b67f7bbf06c28936b802cfc509181f') in 0.070520 seconds 
========================================================================
Received Import Request.
  Time since last request: 0.285561 seconds.
  path: Assets/TreesPack/prefab/Tree12/Rakshi_Tree2_3.prefab
  artifactKey: Guid(ae9f6942c9a640e4ba4e1c5470fa5d3f) Importer(815301076,1909f56bfc062723c751e8b465ee728b)
Start importing Assets/TreesPack/prefab/Tree12/Rakshi_Tree2_3.prefab using Guid(ae9f6942c9a640e4ba4e1c5470fa5d3f) Importer(815301076,1909f56bfc062723c751e8b465ee728b)  -> (artifact id: '69ee10f5afd1be947c775e57472653b5') in 0.055775 seconds 
========================================================================
Received Import Request.
  Time since last request: 0.464101 seconds.
  path: Assets/TreesPack/prefab/Tree12/Rakshi_Tree2_4.prefab
  artifactKey: Guid(75990c6625d6f954d8fe5b083cb0bf5f) Importer(815301076,1909f56bfc062723c751e8b465ee728b)
Start importing Assets/TreesPack/prefab/Tree12/Rakshi_Tree2_4.prefab using Guid(75990c6625d6f954d8fe5b083cb0bf5f) Importer(815301076,1909f56bfc062723c751e8b465ee728b)  -> (artifact id: 'd5ee733173e24f511bcb18ac67347b5d') in 0.050136 seconds 
========================================================================
Received Import Request.
  Time since last request: 0.000035 seconds.
  path: Assets/TreesPack/prefab/Tree12/Rakshi_Tree2_5.prefab
  artifactKey: Guid(cc9a5f6a01f9e064eb81383fdd30fdaa) Importer(815301076,1909f56bfc062723c751e8b465ee728b)
Start importing Assets/TreesPack/prefab/Tree12/Rakshi_Tree2_5.prefab using Guid(cc9a5f6a01f9e064eb81383fdd30fdaa) Importer(815301076,1909f56bfc062723c751e8b465ee728b)  -> (artifact id: '7e57733469c3908b6e26744d57db0e55') in 0.054154 seconds 
========================================================================
Received Import Request.
  Time since last request: 18.119450 seconds.
  path: Assets/TreesPack/Textures/branch_2.tga
  artifactKey: Guid(417c250118a9d4d4198a6c3c3e5273cd) Importer(815301076,1909f56bfc062723c751e8b465ee728b)
Start importing Assets/TreesPack/Textures/branch_2.tga using Guid(417c250118a9d4d4198a6c3c3e5273cd) Importer(815301076,1909f56bfc062723c751e8b465ee728b)  -> (artifact id: '7a60cd732c042900566a93fcd3f73106') in 0.033046 seconds 
========================================================================
Received Import Request.
  Time since last request: 714.771926 seconds.
  path: Assets/3dModels/Jardin
  artifactKey: Guid(917333fd13740eb4eaff324b465a0d82) Importer(815301076,1909f56bfc062723c751e8b465ee728b)
Start importing Assets/3dModels/Jardin using Guid(917333fd13740eb4eaff324b465a0d82) Importer(815301076,1909f56bfc062723c751e8b465ee728b)  -> (artifact id: '4e8d907448527bf520de88789a8e7df5') in 0.007176 seconds 
========================================================================
Received Import Request.
  Time since last request: 7.522575 seconds.
  path: Assets/3dModels/Jardin/chair.FBX
  artifactKey: Guid(2a9888ea0bcdbb04696cdf73110448f4) Importer(815301076,1909f56bfc062723c751e8b465ee728b)
Start importing Assets/3dModels/Jardin/chair.FBX using Guid(2a9888ea0bcdbb04696cdf73110448f4) Importer(815301076,1909f56bfc062723c751e8b465ee728b)  -> (artifact id: '43063fb78484a154596f405b0294547b') in 0.361753 seconds 
========================================================================
Received Import Request.
  Time since last request: 305.373111 seconds.
  path: Assets/3dModels/Jardin/gardenTable.obj
  artifactKey: Guid(babff5b2f2e88db4bb9f206aa5176596) Importer(815301076,1909f56bfc062723c751e8b465ee728b)
Start importing Assets/3dModels/Jardin/gardenTable.obj using Guid(babff5b2f2e88db4bb9f206aa5176596) Importer(815301076,1909f56bfc062723c751e8b465ee728b)  -> (artifact id: 'c47853b9570233a74a65f4adc4aef64b') in 0.060515 seconds 
========================================================================
Received Import Request.
  Time since last request: 242.395535 seconds.
  path: Assets/Plants/Prefabs
  artifactKey: Guid(d2b695377d1e0ba438581aa635495fd9) Importer(815301076,1909f56bfc062723c751e8b465ee728b)
Start importing Assets/Plants/Prefabs using Guid(d2b695377d1e0ba438581aa635495fd9) Importer(815301076,1909f56bfc062723c751e8b465ee728b)  -> (artifact id: '256526bf1de6eadac8a093d3be1620cc') in 0.007282 seconds 
========================================================================
Received Import Request.
  Time since last request: 0.037209 seconds.
  path: Assets/Plants/Prefabs/P_AncientRuins_Plants1.prefab
  artifactKey: Guid(4db3233dc9c33be4f811a172f364cc7d) Importer(815301076,1909f56bfc062723c751e8b465ee728b)
Start importing Assets/Plants/Prefabs/P_AncientRuins_Plants1.prefab using Guid(4db3233dc9c33be4f811a172f364cc7d) Importer(815301076,1909f56bfc062723c751e8b465ee728b)  -> (artifact id: '6acbcf421136dd840e031c2fb2a01efe') in 0.325567 seconds 
========================================================================
Received Import Request.
  Time since last request: 0.000034 seconds.
  path: Assets/Plants/Prefabs/P_AncientRuins_Plants3.prefab
  artifactKey: Guid(1505db5635194e64c9b093bc10295347) Importer(815301076,1909f56bfc062723c751e8b465ee728b)
Start importing Assets/Plants/Prefabs/P_AncientRuins_Plants3.prefab using Guid(1505db5635194e64c9b093bc10295347) Importer(815301076,1909f56bfc062723c751e8b465ee728b)  -> (artifact id: '981ab89d7bac0fe1dc22fde8a94ce6b7') in 0.026987 seconds 
========================================================================
Received Import Request.
  Time since last request: 0.000072 seconds.
  path: Assets/Plants/Prefabs/P_AncientRuins_Plants2.prefab
  artifactKey: Guid(3115b4016b9913d42a0beb6089ecc29b) Importer(815301076,1909f56bfc062723c751e8b465ee728b)
Start importing Assets/Plants/Prefabs/P_AncientRuins_Plants2.prefab using Guid(3115b4016b9913d42a0beb6089ecc29b) Importer(815301076,1909f56bfc062723c751e8b465ee728b)  -> (artifact id: 'e8fde3b1aa8e648ac501e91eca1b8579') in 0.027584 seconds 
========================================================================
Received Import Request.
  Time since last request: 0.000028 seconds.
  path: Assets/Plants/Prefabs/P_AncientRuins_Plants5.prefab
  artifactKey: Guid(6590d1475c038aa4b93f0bd863607c43) Importer(815301076,1909f56bfc062723c751e8b465ee728b)
Start importing Assets/Plants/Prefabs/P_AncientRuins_Plants5.prefab using Guid(6590d1475c038aa4b93f0bd863607c43) Importer(815301076,1909f56bfc062723c751e8b465ee728b)  -> (artifact id: '9694e33cfc77116d6ac2abce9c64897b') in 0.027463 seconds 
========================================================================
Received Import Request.
  Time since last request: 0.000033 seconds.
  path: Assets/Plants/Prefabs/P_AncientRuins_Plants6.prefab
  artifactKey: Guid(3e787ca3a29cf244dbf2fe158e3885f1) Importer(815301076,1909f56bfc062723c751e8b465ee728b)
Start importing Assets/Plants/Prefabs/P_AncientRuins_Plants6.prefab using Guid(3e787ca3a29cf244dbf2fe158e3885f1) Importer(815301076,1909f56bfc062723c751e8b465ee728b)  -> (artifact id: 'dd57412e59000d102f5b88ad837269e1') in 0.027317 seconds 
========================================================================
Received Import Request.
  Time since last request: 0.000030 seconds.
  path: Assets/Plants/Prefabs/P_AncientRuins_Plants4.prefab
  artifactKey: Guid(aad00e4bd50f4b04d980b432c247207d) Importer(815301076,1909f56bfc062723c751e8b465ee728b)
Start importing Assets/Plants/Prefabs/P_AncientRuins_Plants4.prefab using Guid(aad00e4bd50f4b04d980b432c247207d) Importer(815301076,1909f56bfc062723c751e8b465ee728b)  -> (artifact id: '87b6047fdfdf2ef2360f6da2a6927d2f') in 0.027260 seconds 
========================================================================
Received Import Request.
  Time since last request: 0.549861 seconds.
  path: Assets/Plants/Prefabs/P_AncientRuins_Plants7.prefab
  artifactKey: Guid(4744d6b0290765d4d86e18dc69db121a) Importer(815301076,1909f56bfc062723c751e8b465ee728b)
Start importing Assets/Plants/Prefabs/P_AncientRuins_Plants7.prefab using Guid(4744d6b0290765d4d86e18dc69db121a) Importer(815301076,1909f56bfc062723c751e8b465ee728b)  -> (artifact id: '8a3444af482468b0082534df913c3728') in 0.022847 seconds 
========================================================================
Received Import Request.
  Time since last request: 0.335498 seconds.
  path: Assets/Plants/Prefabs/P_AncientRuins_Plants8.prefab
  artifactKey: Guid(b4ac7c41b2eb2524bb617c74bda17ade) Importer(815301076,1909f56bfc062723c751e8b465ee728b)
Start importing Assets/Plants/Prefabs/P_AncientRuins_Plants8.prefab using Guid(b4ac7c41b2eb2524bb617c74bda17ade) Importer(815301076,1909f56bfc062723c751e8b465ee728b)  -> (artifact id: 'd3748d89a0d9457b54f1fa5e24206cd4') in 0.024427 seconds 
========================================================================
Received Import Request.
  Time since last request: 0.045032 seconds.
  path: Assets/Plants/Prefabs/P_AncientRuins_Plants9.prefab
  artifactKey: Guid(1006d0536c66fa14c9ff6635b26188fc) Importer(815301076,1909f56bfc062723c751e8b465ee728b)
Start importing Assets/Plants/Prefabs/P_AncientRuins_Plants9.prefab using Guid(1006d0536c66fa14c9ff6635b26188fc) Importer(815301076,1909f56bfc062723c751e8b465ee728b)  -> (artifact id: '364d625ca68804b3c748ca4944279a94') in 0.022996 seconds 
========================================================================
Received Import Request.
  Time since last request: 0.251850 seconds.
  path: Assets/Plants/Prefabs/P_AncientRuins_Plants10.prefab
  artifactKey: Guid(585eb0bf38b0bfb4fbdb1702ed319ed8) Importer(815301076,1909f56bfc062723c751e8b465ee728b)
Start importing Assets/Plants/Prefabs/P_AncientRuins_Plants10.prefab using Guid(585eb0bf38b0bfb4fbdb1702ed319ed8) Importer(815301076,1909f56bfc062723c751e8b465ee728b)  -> (artifact id: '610130aa13de7a1474a3e525d4b1357b') in 0.022595 seconds 
========================================================================
Received Import Request.
  Time since last request: 0.021555 seconds.
  path: Assets/Plants/Prefabs/P_AncientRuins_Plants11.prefab
  artifactKey: Guid(f1a980b88ddab6e4ea6fa53f1447a65b) Importer(815301076,1909f56bfc062723c751e8b465ee728b)
Start importing Assets/Plants/Prefabs/P_AncientRuins_Plants11.prefab using Guid(f1a980b88ddab6e4ea6fa53f1447a65b) Importer(815301076,1909f56bfc062723c751e8b465ee728b)  -> (artifact id: 'b422894f77e67c450fa4840dd19b82dc') in 0.023528 seconds 
========================================================================
Received Import Request.
  Time since last request: 0.390933 seconds.
  path: Assets/Plants/Prefabs/P_AncientRuins_Plants12.prefab
  artifactKey: Guid(66835405db591454a9031f7163b9ca47) Importer(815301076,1909f56bfc062723c751e8b465ee728b)
Start importing Assets/Plants/Prefabs/P_AncientRuins_Plants12.prefab using Guid(66835405db591454a9031f7163b9ca47) Importer(815301076,1909f56bfc062723c751e8b465ee728b)  -> (artifact id: 'f4cd2921a18021bdd9005cc3705f13c6') in 0.023723 seconds 
========================================================================
Received Import Request.
  Time since last request: 0.000031 seconds.
  path: Assets/Plants/Prefabs/P_AncientRuins_Plants13.prefab
  artifactKey: Guid(d0a917dbf1a718c4e9619ce157d81d42) Importer(815301076,1909f56bfc062723c751e8b465ee728b)
Start importing Assets/Plants/Prefabs/P_AncientRuins_Plants13.prefab using Guid(d0a917dbf1a718c4e9619ce157d81d42) Importer(815301076,1909f56bfc062723c751e8b465ee728b)  -> (artifact id: '0a4c4a931ce327be8baae33f2cc94f42') in 0.027547 seconds 
========================================================================
Received Import Request.
  Time since last request: 0.015992 seconds.
  path: Assets/Plants/Prefabs/P_AncientRuins_Plants14.prefab
  artifactKey: Guid(10c157c1e62b52d43aac19d565dec346) Importer(815301076,1909f56bfc062723c751e8b465ee728b)
Start importing Assets/Plants/Prefabs/P_AncientRuins_Plants14.prefab using Guid(10c157c1e62b52d43aac19d565dec346) Importer(815301076,1909f56bfc062723c751e8b465ee728b)  -> (artifact id: 'b1e7c3c924c89b0255975f797e023489') in 0.024758 seconds 
========================================================================
Received Import Request.
  Time since last request: 0.000026 seconds.
  path: Assets/Plants/Prefabs/P_AncientRuins_Plants15.prefab
  artifactKey: Guid(492945940d020be4bb8213fd03abc104) Importer(815301076,1909f56bfc062723c751e8b465ee728b)
Start importing Assets/Plants/Prefabs/P_AncientRuins_Plants15.prefab using Guid(492945940d020be4bb8213fd03abc104) Importer(815301076,1909f56bfc062723c751e8b465ee728b)  -> (artifact id: '2e31c2881de364b42723aab92453e701') in 0.027481 seconds 
========================================================================
Received Import Request.
  Time since last request: 0.000031 seconds.
  path: Assets/Plants/Prefabs/P_AncientRuins_Plants16.prefab
  artifactKey: Guid(2627cc23208d2634198f847c2fcf4189) Importer(815301076,1909f56bfc062723c751e8b465ee728b)
Start importing Assets/Plants/Prefabs/P_AncientRuins_Plants16.prefab using Guid(2627cc23208d2634198f847c2fcf4189) Importer(815301076,1909f56bfc062723c751e8b465ee728b)  -> (artifact id: '13900c906fc9cb40d0319f600de49aea') in 0.026261 seconds 
========================================================================
Received Import Request.
  Time since last request: 0.332242 seconds.
  path: Assets/Plants/Prefabs/P_AncientRuins_Plants17.prefab
  artifactKey: Guid(3a7d5b50a344c8c40b8a5d51d95430a3) Importer(815301076,1909f56bfc062723c751e8b465ee728b)
Start importing Assets/Plants/Prefabs/P_AncientRuins_Plants17.prefab using Guid(3a7d5b50a344c8c40b8a5d51d95430a3) Importer(815301076,1909f56bfc062723c751e8b465ee728b)  -> (artifact id: 'e4b9049acee789909017a7627f13b718') in 0.024130 seconds 
========================================================================
Received Import Request.
  Time since last request: 0.000033 seconds.
  path: Assets/Plants/Prefabs/P_AncientRuins_Plants18.prefab
  artifactKey: Guid(5f2ed68ee1b0e9349be99d83d2f9186c) Importer(815301076,1909f56bfc062723c751e8b465ee728b)
Start importing Assets/Plants/Prefabs/P_AncientRuins_Plants18.prefab using Guid(5f2ed68ee1b0e9349be99d83d2f9186c) Importer(815301076,1909f56bfc062723c751e8b465ee728b)  -> (artifact id: '086b22e3196383d19fabfa6aafd5c08e') in 0.027128 seconds 
========================================================================
Received Import Request.
  Time since last request: 0.000033 seconds.
  path: Assets/Plants/Prefabs/P_AncientRuins_Plants19.prefab
  artifactKey: Guid(13636e41ff4642d4287d07ef61c0b27c) Importer(815301076,1909f56bfc062723c751e8b465ee728b)
Start importing Assets/Plants/Prefabs/P_AncientRuins_Plants19.prefab using Guid(13636e41ff4642d4287d07ef61c0b27c) Importer(815301076,1909f56bfc062723c751e8b465ee728b)  -> (artifact id: '7ad268de378980cbc7fffeb9a75ab302') in 0.026438 seconds 
========================================================================
Received Import Request.
  Time since last request: 0.000030 seconds.
  path: Assets/Plants/Prefabs/P_AncientRuins_Plants20.prefab
  artifactKey: Guid(0f122aa44cc65d94da315403d3555f7c) Importer(815301076,1909f56bfc062723c751e8b465ee728b)
Start importing Assets/Plants/Prefabs/P_AncientRuins_Plants20.prefab using Guid(0f122aa44cc65d94da315403d3555f7c) Importer(815301076,1909f56bfc062723c751e8b465ee728b)  -> (artifact id: '3f5aa72aa9cdf154b7f2430bc201325e') in 0.026970 seconds 
========================================================================
Received Import Request.
  Time since last request: 2.047906 seconds.
  path: Assets/Plants/Prefabs/P_AncientRuins_PlantsPlane.prefab
  artifactKey: Guid(9339dc6e3719d224fa319d5c1c9fb806) Importer(815301076,1909f56bfc062723c751e8b465ee728b)
Start importing Assets/Plants/Prefabs/P_AncientRuins_PlantsPlane.prefab using Guid(9339dc6e3719d224fa319d5c1c9fb806) Importer(815301076,1909f56bfc062723c751e8b465ee728b)  -> (artifact id: '0a866ae7a79ff1005c37821cf9f673e0') in 0.024480 seconds 
========================================================================
Received Import Request.
  Time since last request: 0.026283 seconds.
  path: Assets/Plants/Prefabs/P_AncientRuins_Rock1.prefab
  artifactKey: Guid(0ec7f548aaa54c34ba5bb266601fa9ef) Importer(815301076,1909f56bfc062723c751e8b465ee728b)
Start importing Assets/Plants/Prefabs/P_AncientRuins_Rock1.prefab using Guid(0ec7f548aaa54c34ba5bb266601fa9ef) Importer(815301076,1909f56bfc062723c751e8b465ee728b)  -> (artifact id: '578ae9145a7138af5509b0982ebe6359') in 0.079259 seconds 
========================================================================
Received Import Request.
  Time since last request: 0.000034 seconds.
  path: Assets/Plants/Prefabs/P_AncientRuins_Rock2.prefab
  artifactKey: Guid(055eeb69fe495b44f94de70f97f89aa2) Importer(815301076,1909f56bfc062723c751e8b465ee728b)
Start importing Assets/Plants/Prefabs/P_AncientRuins_Rock2.prefab using Guid(055eeb69fe495b44f94de70f97f89aa2) Importer(815301076,1909f56bfc062723c751e8b465ee728b)  -> (artifact id: '160316547c395dbcda0d7de557f91eca') in 0.031494 seconds 
========================================================================
Received Import Request.
  Time since last request: 0.000033 seconds.
  path: Assets/Plants/Prefabs/P_AncientRuins_Rock3.prefab
  artifactKey: Guid(146c2a915259cc94e9b603ae6968740c) Importer(815301076,1909f56bfc062723c751e8b465ee728b)
Start importing Assets/Plants/Prefabs/P_AncientRuins_Rock3.prefab using Guid(146c2a915259cc94e9b603ae6968740c) Importer(815301076,1909f56bfc062723c751e8b465ee728b)  -> (artifact id: '80f7a13b7fecd6c96b43b6590ad8197d') in 0.032387 seconds 
========================================================================
Received Import Request.
  Time since last request: 0.000045 seconds.
  path: Assets/Plants/Prefabs/P_AncientRuins_Rock4.prefab
  artifactKey: Guid(865743adce956574b94f88404924b5a0) Importer(815301076,1909f56bfc062723c751e8b465ee728b)
Start importing Assets/Plants/Prefabs/P_AncientRuins_Rock4.prefab using Guid(865743adce956574b94f88404924b5a0) Importer(815301076,1909f56bfc062723c751e8b465ee728b)  -> (artifact id: 'ade35c504e1a60d656ea3817fc3cc310') in 0.031577 seconds 
========================================================================
Received Import Request.
  Time since last request: 0.260663 seconds.
  path: Assets/Plants/Prefabs/P_AncientRuins_Shell.prefab
  artifactKey: Guid(f17adb0d741f4bb4aa7cfab117dce845) Importer(815301076,1909f56bfc062723c751e8b465ee728b)
Start importing Assets/Plants/Prefabs/P_AncientRuins_Shell.prefab using Guid(f17adb0d741f4bb4aa7cfab117dce845) Importer(815301076,1909f56bfc062723c751e8b465ee728b)  -> (artifact id: '230359dda8a8352ac4fe9737c262bbc3') in 0.024535 seconds 
========================================================================
Received Import Request.
  Time since last request: 0.043665 seconds.
  path: Assets/Plants/Prefabs/P_AncientRuins_Sword.prefab
  artifactKey: Guid(c30be702f1b236d4da5c71ec8c8d61c3) Importer(815301076,1909f56bfc062723c751e8b465ee728b)
Start importing Assets/Plants/Prefabs/P_AncientRuins_Sword.prefab using Guid(c30be702f1b236d4da5c71ec8c8d61c3) Importer(815301076,1909f56bfc062723c751e8b465ee728b)  -> (artifact id: 'de8f9acc7446cec8f9e1a31620e4201d') in 0.023297 seconds 
========================================================================
Received Import Request.
  Time since last request: 15.491156 seconds.
  path: Assets/Plants/TextureMaterials/T_AncientRuins_Props_AO.png
  artifactKey: Guid(70c24d24aad6f23489c466d68da503cd) Importer(815301076,1909f56bfc062723c751e8b465ee728b)
Start importing Assets/Plants/TextureMaterials/T_AncientRuins_Props_AO.png using Guid(70c24d24aad6f23489c466d68da503cd) Importer(815301076,1909f56bfc062723c751e8b465ee728b)  -> (artifact id: '23532b6c35df909fe033b7fe99f84e87') in 0.026953 seconds 
========================================================================
Received Import Request.
  Time since last request: 0.000041 seconds.
  path: Assets/Plants/TextureMaterials/T_AncientRuins_Rocks_D.png
  artifactKey: Guid(8b48d41a1a078504a8712cd3309a0b4d) Importer(815301076,1909f56bfc062723c751e8b465ee728b)
Start importing Assets/Plants/TextureMaterials/T_AncientRuins_Rocks_D.png using Guid(8b48d41a1a078504a8712cd3309a0b4d) Importer(815301076,1909f56bfc062723c751e8b465ee728b)  -> (artifact id: '40ffc28d58f11f5b22232f6ea1199e96') in 0.019136 seconds 
========================================================================
Received Import Request.
  Time since last request: 0.000039 seconds.
  path: Assets/Plants/TextureMaterials/T_AncientRuins_Props_MS.png
  artifactKey: Guid(5d353b39ce56abc46909eacae7d7d8f8) Importer(815301076,1909f56bfc062723c751e8b465ee728b)
Start importing Assets/Plants/TextureMaterials/T_AncientRuins_Props_MS.png using Guid(5d353b39ce56abc46909eacae7d7d8f8) Importer(815301076,1909f56bfc062723c751e8b465ee728b)  -> (artifact id: '7f296f1a1e3eb5547a5e9b31be29ae04') in 0.018573 seconds 
========================================================================
Received Import Request.
  Time since last request: 0.000055 seconds.
  path: Assets/Plants/TextureMaterials/T_AncientRuins_Rocks_AO.png
  artifactKey: Guid(3a06cea9832a62a42950e1d2e6aab1c2) Importer(815301076,1909f56bfc062723c751e8b465ee728b)
Start importing Assets/Plants/TextureMaterials/T_AncientRuins_Rocks_AO.png using Guid(3a06cea9832a62a42950e1d2e6aab1c2) Importer(815301076,1909f56bfc062723c751e8b465ee728b)  -> (artifact id: '739d3c5a1420db55fe8052d6aca2b875') in 0.022582 seconds 
========================================================================
Received Import Request.
  Time since last request: 0.000045 seconds.
  path: Assets/Plants/TextureMaterials/T_AncientRuins_Props_D.png
  artifactKey: Guid(34f06fdd0e95457418dfb081a084d13f) Importer(815301076,1909f56bfc062723c751e8b465ee728b)
Start importing Assets/Plants/TextureMaterials/T_AncientRuins_Props_D.png using Guid(34f06fdd0e95457418dfb081a084d13f) Importer(815301076,1909f56bfc062723c751e8b465ee728b)  -> (artifact id: 'fc9f0d1abafddd88e8fc3254a4daefd7') in 0.023487 seconds 
========================================================================
Received Import Request.
  Time since last request: 0.000030 seconds.
  path: Assets/Plants/TextureMaterials/T_AncientRuins_Props_NOpenGL.png
  artifactKey: Guid(3c1d5a94629adab4f86084bc77a09319) Importer(815301076,1909f56bfc062723c751e8b465ee728b)
Start importing Assets/Plants/TextureMaterials/T_AncientRuins_Props_NOpenGL.png using Guid(3c1d5a94629adab4f86084bc77a09319) Importer(815301076,1909f56bfc062723c751e8b465ee728b)  -> (artifact id: 'f64c86305e0e12e1367ce0192b9878d4') in 0.034113 seconds 
========================================================================
Received Import Request.
  Time since last request: 0.891138 seconds.
  path: Assets/Plants/TextureMaterials/T_AncientRuins_Rocks_MS.png
  artifactKey: Guid(1d83625685d0c5a4c940feb0a3d7bfe8) Importer(815301076,1909f56bfc062723c751e8b465ee728b)
Start importing Assets/Plants/TextureMaterials/T_AncientRuins_Rocks_MS.png using Guid(1d83625685d0c5a4c940feb0a3d7bfe8) Importer(815301076,1909f56bfc062723c751e8b465ee728b)  -> (artifact id: '8c40ee280c011aa9317ecd15bee8fb4f') in 0.017597 seconds 
========================================================================
Received Import Request.
  Time since last request: 0.023914 seconds.
  path: Assets/Plants/TextureMaterials/T_AncientRuins_Rocks_NOpenGL.png
  artifactKey: Guid(a42783cfefe39b343a52428c447c2f6b) Importer(815301076,1909f56bfc062723c751e8b465ee728b)
Start importing Assets/Plants/TextureMaterials/T_AncientRuins_Rocks_NOpenGL.png using Guid(a42783cfefe39b343a52428c447c2f6b) Importer(815301076,1909f56bfc062723c751e8b465ee728b)  -> (artifact id: 'eea2fffa63ad8649e8aa59b403d6e43a') in 0.021120 seconds 
========================================================================
Received Import Request.
  Time since last request: 0.367576 seconds.
  path: Assets/Plants/TextureMaterials/T_Plants_AlbedoTransparency.png
  artifactKey: Guid(4f0ad3a7d26d2b341b70c969938562d8) Importer(815301076,1909f56bfc062723c751e8b465ee728b)
Start importing Assets/Plants/TextureMaterials/T_Plants_AlbedoTransparency.png using Guid(4f0ad3a7d26d2b341b70c969938562d8) Importer(815301076,1909f56bfc062723c751e8b465ee728b)  -> (artifact id: 'bd7e519ea80068c8ad316f1bdb89e3f6') in 0.019988 seconds 
========================================================================
Received Import Request.
  Time since last request: 0.051908 seconds.
  path: Assets/Plants/TextureMaterials/T_Plants_NOpenGL.png
  artifactKey: Guid(b13692f49b72ef54d8eabbaa70f98fd3) Importer(815301076,1909f56bfc062723c751e8b465ee728b)
Start importing Assets/Plants/TextureMaterials/T_Plants_NOpenGL.png using Guid(b13692f49b72ef54d8eabbaa70f98fd3) Importer(815301076,1909f56bfc062723c751e8b465ee728b)  -> (artifact id: 'fac9c8f21559bb5fdd63ba5e56df6f1c') in 0.021173 seconds 
========================================================================
Received Import Request.
  Time since last request: 0.284997 seconds.
  path: Assets/Plants/TextureMaterials/T_Plants_O.png
  artifactKey: Guid(bcca36ec75bedb84a9dfe7b9bbd1f891) Importer(815301076,1909f56bfc062723c751e8b465ee728b)
Start importing Assets/Plants/TextureMaterials/T_Plants_O.png using Guid(bcca36ec75bedb84a9dfe7b9bbd1f891) Importer(815301076,1909f56bfc062723c751e8b465ee728b)  -> (artifact id: 'af0af9cd818f9d46f42d03e0d8ffa315') in 0.018223 seconds 
========================================================================
Received Import Request.
  Time since last request: 4.179139 seconds.
  path: Assets/Plants/Prefabs/P_AncientRuins_Plants5.prefab
  artifactKey: Guid(6590d1475c038aa4b93f0bd863607c43) Importer(815301076,1909f56bfc062723c751e8b465ee728b)
Start importing Assets/Plants/Prefabs/P_AncientRuins_Plants5.prefab using Guid(6590d1475c038aa4b93f0bd863607c43) Importer(815301076,1909f56bfc062723c751e8b465ee728b)  -> (artifact id: '401440628a49daa07e475bde0a8ae277') in 0.207754 seconds 
========================================================================
Received Import Request.
  Time since last request: 7.178507 seconds.
  path: Assets/Plants/TextureMaterials/M_AncientRuins_Rocks.mat
  artifactKey: Guid(ef51b96712bac25449cd9721661dc73c) Importer(815301076,1909f56bfc062723c751e8b465ee728b)
Start importing Assets/Plants/TextureMaterials/M_AncientRuins_Rocks.mat using Guid(ef51b96712bac25449cd9721661dc73c) Importer(815301076,1909f56bfc062723c751e8b465ee728b)  -> (artifact id: '2a293be0ef5b55a5870d4094240cc050') in 0.028674 seconds 
========================================================================
Received Import Request.
  Time since last request: 0.000043 seconds.
  path: Assets/Plants/TextureMaterials/M_AncientRuins_Props.mat
  artifactKey: Guid(a8e0bad3e0628584493715c991762a9f) Importer(815301076,1909f56bfc062723c751e8b465ee728b)
Start importing Assets/Plants/TextureMaterials/M_AncientRuins_Props.mat using Guid(a8e0bad3e0628584493715c991762a9f) Importer(815301076,1909f56bfc062723c751e8b465ee728b)  -> (artifact id: '2800f35f69c577fd56d881425777efeb') in 0.035246 seconds 
========================================================================
Received Import Request.
  Time since last request: 0.000042 seconds.
  path: Assets/Plants/TextureMaterials/M_AncientRuins_Plants.mat
  artifactKey: Guid(33a1313a63183a14da554740878dd8db) Importer(815301076,1909f56bfc062723c751e8b465ee728b)
Start importing Assets/Plants/TextureMaterials/M_AncientRuins_Plants.mat using Guid(33a1313a63183a14da554740878dd8db) Importer(815301076,1909f56bfc062723c751e8b465ee728b)  -> (artifact id: '3073d3fb6ca78e5054dc8a91b69d3a2b') in 0.026294 seconds 
========================================================================
Received Import Request.
  Time since last request: 49.999452 seconds.
  path: Assets/Plants/Prefabs/P_AncientRuins_Plants1.prefab
  artifactKey: Guid(4db3233dc9c33be4f811a172f364cc7d) Importer(815301076,1909f56bfc062723c751e8b465ee728b)
Start importing Assets/Plants/Prefabs/P_AncientRuins_Plants1.prefab using Guid(4db3233dc9c33be4f811a172f364cc7d) Importer(815301076,1909f56bfc062723c751e8b465ee728b)  -> (artifact id: '6c06f6714e988c95a05ad47a48359a50') in 0.020967 seconds 
========================================================================
Received Import Request.
  Time since last request: 0.000069 seconds.
  path: Assets/Plants/Prefabs/P_AncientRuins_Plants3.prefab
  artifactKey: Guid(1505db5635194e64c9b093bc10295347) Importer(815301076,1909f56bfc062723c751e8b465ee728b)
Start importing Assets/Plants/Prefabs/P_AncientRuins_Plants3.prefab using Guid(1505db5635194e64c9b093bc10295347) Importer(815301076,1909f56bfc062723c751e8b465ee728b)  -> (artifact id: '8c6e0861ca45c6c12335b54fdf03e76a') in 0.022550 seconds 
========================================================================
Received Import Request.
  Time since last request: 0.000034 seconds.
  path: Assets/Plants/Prefabs/P_AncientRuins_Plants2.prefab
  artifactKey: Guid(3115b4016b9913d42a0beb6089ecc29b) Importer(815301076,1909f56bfc062723c751e8b465ee728b)
Start importing Assets/Plants/Prefabs/P_AncientRuins_Plants2.prefab using Guid(3115b4016b9913d42a0beb6089ecc29b) Importer(815301076,1909f56bfc062723c751e8b465ee728b)  -> (artifact id: 'dae4ff7e9bfc93113c272e173da3e771') in 0.021867 seconds 
========================================================================
Received Import Request.
  Time since last request: 0.000053 seconds.
  path: Assets/Plants/Prefabs/P_AncientRuins_Plants6.prefab
  artifactKey: Guid(3e787ca3a29cf244dbf2fe158e3885f1) Importer(815301076,1909f56bfc062723c751e8b465ee728b)
Start importing Assets/Plants/Prefabs/P_AncientRuins_Plants6.prefab using Guid(3e787ca3a29cf244dbf2fe158e3885f1) Importer(815301076,1909f56bfc062723c751e8b465ee728b)  -> (artifact id: 'e4062230f75d9728371b7a30f7e4f88b') in 0.021803 seconds 
========================================================================
Received Import Request.
  Time since last request: 0.000053 seconds.
  path: Assets/Plants/Prefabs/P_AncientRuins_Plants4.prefab
  artifactKey: Guid(aad00e4bd50f4b04d980b432c247207d) Importer(815301076,1909f56bfc062723c751e8b465ee728b)
Start importing Assets/Plants/Prefabs/P_AncientRuins_Plants4.prefab using Guid(aad00e4bd50f4b04d980b432c247207d) Importer(815301076,1909f56bfc062723c751e8b465ee728b)  -> (artifact id: '23a492d80ef67f6f142786ee7e0d56db') in 0.022641 seconds 
========================================================================
Received Import Request.
  Time since last request: 36.105904 seconds.
  path: Assets/Plants/Prefabs/P_AncientRuins_Plants7.prefab
  artifactKey: Guid(4744d6b0290765d4d86e18dc69db121a) Importer(815301076,1909f56bfc062723c751e8b465ee728b)
Start importing Assets/Plants/Prefabs/P_AncientRuins_Plants7.prefab using Guid(4744d6b0290765d4d86e18dc69db121a) Importer(815301076,1909f56bfc062723c751e8b465ee728b)  -> (artifact id: '62ce0d13b69b0bf275cd5c632f7f27c5') in 0.020752 seconds 
========================================================================
Received Import Request.
  Time since last request: 0.219243 seconds.
  path: Assets/Plants/Prefabs/P_AncientRuins_Plants8.prefab
  artifactKey: Guid(b4ac7c41b2eb2524bb617c74bda17ade) Importer(815301076,1909f56bfc062723c751e8b465ee728b)
Start importing Assets/Plants/Prefabs/P_AncientRuins_Plants8.prefab using Guid(b4ac7c41b2eb2524bb617c74bda17ade) Importer(815301076,1909f56bfc062723c751e8b465ee728b)  -> (artifact id: 'b66d8a9c4ab64c4a0f46760fda8543fd') in 0.019037 seconds 
========================================================================
Received Import Request.
  Time since last request: 0.142137 seconds.
  path: Assets/Plants/Prefabs/P_AncientRuins_Plants9.prefab
  artifactKey: Guid(1006d0536c66fa14c9ff6635b26188fc) Importer(815301076,1909f56bfc062723c751e8b465ee728b)
Start importing Assets/Plants/Prefabs/P_AncientRuins_Plants9.prefab using Guid(1006d0536c66fa14c9ff6635b26188fc) Importer(815301076,1909f56bfc062723c751e8b465ee728b)  -> (artifact id: 'c0ac02f48f484d13f31bb4acf07dd7c9') in 0.019690 seconds 
========================================================================
Received Import Request.
  Time since last request: 0.144819 seconds.
  path: Assets/Plants/Prefabs/P_AncientRuins_Plants10.prefab
  artifactKey: Guid(585eb0bf38b0bfb4fbdb1702ed319ed8) Importer(815301076,1909f56bfc062723c751e8b465ee728b)
Start importing Assets/Plants/Prefabs/P_AncientRuins_Plants10.prefab using Guid(585eb0bf38b0bfb4fbdb1702ed319ed8) Importer(815301076,1909f56bfc062723c751e8b465ee728b)  -> (artifact id: '468bc109a6d0f35bb9566f3262e90e01') in 0.018742 seconds 
========================================================================
Received Import Request.
  Time since last request: 0.425485 seconds.
  path: Assets/Plants/Prefabs/P_AncientRuins_Plants11.prefab
  artifactKey: Guid(f1a980b88ddab6e4ea6fa53f1447a65b) Importer(815301076,1909f56bfc062723c751e8b465ee728b)
Start importing Assets/Plants/Prefabs/P_AncientRuins_Plants11.prefab using Guid(f1a980b88ddab6e4ea6fa53f1447a65b) Importer(815301076,1909f56bfc062723c751e8b465ee728b)  -> (artifact id: '591478a3d0a91037530ca190eb01b85f') in 0.023978 seconds 
========================================================================
Received Import Request.
  Time since last request: 16.313529 seconds.
  path: Assets/Plants/TextureMaterials/Materials
  artifactKey: Guid(1ad864a1dfc4e7e41862216c42364461) Importer(815301076,1909f56bfc062723c751e8b465ee728b)
Start importing Assets/Plants/TextureMaterials/Materials using Guid(1ad864a1dfc4e7e41862216c42364461) Importer(815301076,1909f56bfc062723c751e8b465ee728b)  -> (artifact id: 'b18ccb432e16b8f6fa0f345b6148bdea') in 0.006674 seconds 
========================================================================
Received Import Request.
  Time since last request: 0.052922 seconds.
  path: Assets/Plants/TextureMaterials/Materials/T_Plants_AlbedoTransparency.mat
  artifactKey: Guid(7e0079670658f6343a68221ed2fe340b) Importer(815301076,1909f56bfc062723c751e8b465ee728b)
Start importing Assets/Plants/TextureMaterials/Materials/T_Plants_AlbedoTransparency.mat using Guid(7e0079670658f6343a68221ed2fe340b) Importer(815301076,1909f56bfc062723c751e8b465ee728b)  -> (artifact id: 'bd88bed494c1b4cf092a6a665f27d77a') in 0.015062 seconds 
========================================================================
Received Import Request.
  Time since last request: 0.000032 seconds.
  path: Assets/Plants/TextureMaterials/Materials/T_Plants_O.mat
  artifactKey: Guid(d7c289a9152978e48ac1c075e4944a6f) Importer(815301076,1909f56bfc062723c751e8b465ee728b)
Start importing Assets/Plants/TextureMaterials/Materials/T_Plants_O.mat using Guid(d7c289a9152978e48ac1c075e4944a6f) Importer(815301076,1909f56bfc062723c751e8b465ee728b)  -> (artifact id: '129a7215d3584590ca25e79bbb46e4e4') in 0.015307 seconds 
========================================================================
Received Import Request.
  Time since last request: 4.981368 seconds.
  path: Assets/Plants/3DModels/Mesh_AncientRuinsUnity.fbx
  artifactKey: Guid(90220ae87f239d4498c425af8694ed9e) Importer(815301076,1909f56bfc062723c751e8b465ee728b)
Start importing Assets/Plants/3DModels/Mesh_AncientRuinsUnity.fbx using Guid(90220ae87f239d4498c425af8694ed9e) Importer(815301076,1909f56bfc062723c751e8b465ee728b)  -> (artifact id: '45c8de34c59ada9b519c6e1f9c9e1a4b') in 0.463177 seconds 
========================================================================
Received Import Request.
  Time since last request: 65.466031 seconds.
  path: Assets/Architecture Pack/Architecture/Mesh/Architecture Kit.fbx
  artifactKey: Guid(5b7de892548834e3f8c53671f6cf5080) Importer(815301076,1909f56bfc062723c751e8b465ee728b)
Start importing Assets/Architecture Pack/Architecture/Mesh/Architecture Kit.fbx using Guid(5b7de892548834e3f8c53671f6cf5080) Importer(815301076,1909f56bfc062723c751e8b465ee728b)  -> (artifact id: '5c58cc4ad7767be3cdbaf7723fe694d8') in 1.726009 seconds 
========================================================================
Received Import Request.
  Time since last request: 0.000041 seconds.
  path: Assets/_Flashlight PRO/_PREFABS/Battery.prefab
  artifactKey: Guid(712c8e363edc71a49a7c4ec35bc787c0) Importer(815301076,1909f56bfc062723c751e8b465ee728b)
Start importing Assets/_Flashlight PRO/_PREFABS/Battery.prefab using Guid(712c8e363edc71a49a7c4ec35bc787c0) Importer(815301076,1909f56bfc062723c751e8b465ee728b)  -> (artifact id: '60440ea77ff58b91d5eeada7cc54d80d') in 0.076054 seconds 
========================================================================
Received Import Request.
  Time since last request: 0.000049 seconds.
  path: Assets/_Flashlight PRO/_Assets/mesh/aura_obj.obj
  artifactKey: Guid(3df2b0526d37ff34399722a40fc0a139) Importer(815301076,1909f56bfc062723c751e8b465ee728b)
Start importing Assets/_Flashlight PRO/_Assets/mesh/aura_obj.obj using Guid(3df2b0526d37ff34399722a40fc0a139) Importer(815301076,1909f56bfc062723c751e8b465ee728b)  -> (artifact id: '45942325d988ec73c5af1d590b58c455') in 0.035182 seconds 
========================================================================
Received Import Request.
  Time since last request: 0.000032 seconds.
  path: Assets/_Flashlight PRO/_Assets/mesh/battery_obj.obj
  artifactKey: Guid(e912507e3b1aace46ad84b5273d56dab) Importer(815301076,1909f56bfc062723c751e8b465ee728b)
Start importing Assets/_Flashlight PRO/_Assets/mesh/battery_obj.obj using Guid(e912507e3b1aace46ad84b5273d56dab) Importer(815301076,1909f56bfc062723c751e8b465ee728b)  -> (artifact id: '71ea459bb915089c5285ac908c314e1c') in 0.033559 seconds 
========================================================================
Received Import Request.
  Time since last request: 0.000037 seconds.
  path: Assets/Architecture Pack/Architecture/Prefabs/Ceiling/Ceiling_1.5x1.5.prefab
  artifactKey: Guid(8ad75c7a8fd7946b1ab9cac5bd323d0c) Importer(815301076,1909f56bfc062723c751e8b465ee728b)
Start importing Assets/Architecture Pack/Architecture/Prefabs/Ceiling/Ceiling_1.5x1.5.prefab using Guid(8ad75c7a8fd7946b1ab9cac5bd323d0c) Importer(815301076,1909f56bfc062723c751e8b465ee728b)  -> (artifact id: 'a16dc9792692295e49eb953cb444d899') in 0.020853 seconds 
========================================================================
Received Import Request.
  Time since last request: 0.052078 seconds.
  path: Assets/Architecture Pack/Architecture/Prefabs/Ceiling/Ceiling_1.5x1_Hatch.prefab
  artifactKey: Guid(b68e1bd9cc4dc4aa2b792d8fb47b80e6) Importer(815301076,1909f56bfc062723c751e8b465ee728b)
Start importing Assets/Architecture Pack/Architecture/Prefabs/Ceiling/Ceiling_1.5x1_Hatch.prefab using Guid(b68e1bd9cc4dc4aa2b792d8fb47b80e6) Importer(815301076,1909f56bfc062723c751e8b465ee728b)  -> (artifact id: '0f877ee123c1b6c932e8cded9bce6a2d') in 0.016274 seconds 
========================================================================
Received Import Request.
  Time since last request: 0.000045 seconds.
  path: Assets/Architecture Pack/Architecture/Prefabs/Ceiling/Ceiling_1.5x3_H.prefab
  artifactKey: Guid(33824db515d814171921dee9ac2aabf6) Importer(815301076,1909f56bfc062723c751e8b465ee728b)
Start importing Assets/Architecture Pack/Architecture/Prefabs/Ceiling/Ceiling_1.5x3_H.prefab using Guid(33824db515d814171921dee9ac2aabf6) Importer(815301076,1909f56bfc062723c751e8b465ee728b)  -> (artifact id: '4cef5cb9f2ae05f14aff92ad83b19557') in 0.019081 seconds 
========================================================================
Received Import Request.
  Time since last request: 0.463205 seconds.
  path: Assets/Architecture Pack/Architecture/Prefabs/Ceiling/Ceiling_1.5x3_H_Hatch.prefab
  artifactKey: Guid(43647cf50bcaf474eae8ce7445713c7a) Importer(815301076,1909f56bfc062723c751e8b465ee728b)
Start importing Assets/Architecture Pack/Architecture/Prefabs/Ceiling/Ceiling_1.5x3_H_Hatch.prefab using Guid(43647cf50bcaf474eae8ce7445713c7a) Importer(815301076,1909f56bfc062723c751e8b465ee728b)  -> (artifact id: 'e59b27a7b31598cfd94a823103cd626c') in 0.017458 seconds 
========================================================================
Received Import Request.
  Time since last request: 0.000032 seconds.
  path: Assets/Architecture Pack/Architecture/Prefabs/Ceiling/Ceiling_1.5x3_Sloped.prefab
  artifactKey: Guid(ee048e0bb552a415bb4bc40210bbf5da) Importer(815301076,1909f56bfc062723c751e8b465ee728b)
Start importing Assets/Architecture Pack/Architecture/Prefabs/Ceiling/Ceiling_1.5x3_Sloped.prefab using Guid(ee048e0bb552a415bb4bc40210bbf5da) Importer(815301076,1909f56bfc062723c751e8b465ee728b)  -> (artifact id: '03156c1399f3aca40c57b3491642865d') in 0.019095 seconds 
========================================================================
Received Import Request.
  Time since last request: 0.128305 seconds.
  path: Assets/Architecture Pack/Architecture/Prefabs/Ceiling/Ceiling_1.5x3_V.prefab
  artifactKey: Guid(d7a37ba6dce1c40e9a3d669228f77bc7) Importer(815301076,1909f56bfc062723c751e8b465ee728b)
Start importing Assets/Architecture Pack/Architecture/Prefabs/Ceiling/Ceiling_1.5x3_V.prefab using Guid(d7a37ba6dce1c40e9a3d669228f77bc7) Importer(815301076,1909f56bfc062723c751e8b465ee728b)  -> (artifact id: '14b47616d9ebe4ca7d87740ee0e25872') in 0.016529 seconds 
========================================================================
Received Import Request.
  Time since last request: 0.000030 seconds.
  path: Assets/Architecture Pack/Architecture/Prefabs/Ceiling/Ceiling_1.5x3_V_Hatch.prefab
  artifactKey: Guid(cc5d85b629fcb4f0d8eae342072f1f46) Importer(815301076,1909f56bfc062723c751e8b465ee728b)
Start importing Assets/Architecture Pack/Architecture/Prefabs/Ceiling/Ceiling_1.5x3_V_Hatch.prefab using Guid(cc5d85b629fcb4f0d8eae342072f1f46) Importer(815301076,1909f56bfc062723c751e8b465ee728b)  -> (artifact id: 'eeea3b0f43aae1544f16e8c3ec32b7c6') in 0.021475 seconds 
========================================================================
Received Import Request.
  Time since last request: 0.624064 seconds.
  path: Assets/Architecture Pack/Architecture/Prefabs/Ceiling/Ceiling_3x3.prefab
  artifactKey: Guid(43b4f5c442e6a46149e4145239f250cc) Importer(815301076,1909f56bfc062723c751e8b465ee728b)
Start importing Assets/Architecture Pack/Architecture/Prefabs/Ceiling/Ceiling_3x3.prefab using Guid(43b4f5c442e6a46149e4145239f250cc) Importer(815301076,1909f56bfc062723c751e8b465ee728b)  -> (artifact id: '298112f7258f9bfdabc537a4cada80f5') in 0.016718 seconds 
========================================================================
Received Import Request.
  Time since last request: 0.000029 seconds.
  path: Assets/Architecture Pack/Architecture/Prefabs/Ceiling/Ceiling_3x3_Hatch.prefab
  artifactKey: Guid(e97b4d4dd40ed485f9d42ea1f96123a1) Importer(815301076,1909f56bfc062723c751e8b465ee728b)
Start importing Assets/Architecture Pack/Architecture/Prefabs/Ceiling/Ceiling_3x3_Hatch.prefab using Guid(e97b4d4dd40ed485f9d42ea1f96123a1) Importer(815301076,1909f56bfc062723c751e8b465ee728b)  -> (artifact id: 'ac62ca56eefaf7f26d34262ea69d3391') in 0.019267 seconds 
========================================================================
Received Import Request.
  Time since last request: 0.481961 seconds.
  path: Assets/Architecture Pack/Architecture/Prefabs/Ceiling/Ceiling_3x3_Sloped.prefab
  artifactKey: Guid(91458f4c1e7404e52beb0046ee29d033) Importer(815301076,1909f56bfc062723c751e8b465ee728b)
Start importing Assets/Architecture Pack/Architecture/Prefabs/Ceiling/Ceiling_3x3_Sloped.prefab using Guid(91458f4c1e7404e52beb0046ee29d033) Importer(815301076,1909f56bfc062723c751e8b465ee728b)  -> (artifact id: 'd41d95a360c8f33f53dd19486c60e3df') in 0.017853 seconds 
========================================================================
Received Import Request.
  Time since last request: 1.072841 seconds.
  path: Assets/Architecture Pack/Architecture/Prefabs/Doors/Door01.prefab
  artifactKey: Guid(e881f99d171934f43b517e7fe76936a1) Importer(815301076,1909f56bfc062723c751e8b465ee728b)
Start importing Assets/Architecture Pack/Architecture/Prefabs/Doors/Door01.prefab using Guid(e881f99d171934f43b517e7fe76936a1) Importer(815301076,1909f56bfc062723c751e8b465ee728b)  -> (artifact id: '7d299b7a35bf887990b05459648477bc') in 0.020078 seconds 
========================================================================
Received Import Request.
  Time since last request: 0.000031 seconds.
  path: Assets/Architecture Pack/Architecture/Prefabs/Doors/Door02.prefab
  artifactKey: Guid(85975d653fec94a41b0b785680b0d4bd) Importer(815301076,1909f56bfc062723c751e8b465ee728b)
Start importing Assets/Architecture Pack/Architecture/Prefabs/Doors/Door02.prefab using Guid(85975d653fec94a41b0b785680b0d4bd) Importer(815301076,1909f56bfc062723c751e8b465ee728b)  -> (artifact id: '7db0bba50a308f6b9838760a4d4dfad1') in 0.021297 seconds 
========================================================================
Received Import Request.
  Time since last request: 0.137499 seconds.
  path: Assets/Architecture Pack/Architecture/Prefabs/Doors/Door03.prefab
  artifactKey: Guid(42b5667b46f184ad3987300eeb18c27f) Importer(815301076,1909f56bfc062723c751e8b465ee728b)
Start importing Assets/Architecture Pack/Architecture/Prefabs/Doors/Door03.prefab using Guid(42b5667b46f184ad3987300eeb18c27f) Importer(815301076,1909f56bfc062723c751e8b465ee728b)  -> (artifact id: '6246d36fe8f0a34f538c0fd2feb7a8c0') in 0.019147 seconds 
========================================================================
Received Import Request.
  Time since last request: 0.000031 seconds.
  path: Assets/Architecture Pack/Architecture/Prefabs/Doors/Door04.prefab
  artifactKey: Guid(f6098e49e50444ad58124f4a26a0e736) Importer(815301076,1909f56bfc062723c751e8b465ee728b)
Start importing Assets/Architecture Pack/Architecture/Prefabs/Doors/Door04.prefab using Guid(f6098e49e50444ad58124f4a26a0e736) Importer(815301076,1909f56bfc062723c751e8b465ee728b)  -> (artifact id: '5f266b9f31c6612c8d9f75fad88c722a') in 0.024218 seconds 
========================================================================
Received Import Request.
  Time since last request: 0.108005 seconds.
  path: Assets/Architecture Pack/Architecture/Prefabs/Doors/Door05.prefab
  artifactKey: Guid(ea47e67b50d49450396c0b879c6ab82c) Importer(815301076,1909f56bfc062723c751e8b465ee728b)
Start importing Assets/Architecture Pack/Architecture/Prefabs/Doors/Door05.prefab using Guid(ea47e67b50d49450396c0b879c6ab82c) Importer(815301076,1909f56bfc062723c751e8b465ee728b)  -> (artifact id: '09ed9d8f8ac3ffa2ef6e5c049fbffbd2') in 0.019085 seconds 
========================================================================
Received Import Request.
  Time since last request: 0.000036 seconds.
  path: Assets/Architecture Pack/Architecture/Prefabs/Doors/Door06.prefab
  artifactKey: Guid(980c5cb5b734441c5aec5c6b80fcb850) Importer(815301076,1909f56bfc062723c751e8b465ee728b)
Start importing Assets/Architecture Pack/Architecture/Prefabs/Doors/Door06.prefab using Guid(980c5cb5b734441c5aec5c6b80fcb850) Importer(815301076,1909f56bfc062723c751e8b465ee728b)  -> (artifact id: '30f65cc6d79e6fff9a2a1d628dcf170f') in 0.023273 seconds 
========================================================================
Received Import Request.
  Time since last request: 0.334286 seconds.
  path: Assets/Architecture Pack/Architecture/Prefabs/Doors/Doorframe.prefab
  artifactKey: Guid(6ad903979598143cc9833d8cdd6ccda0) Importer(815301076,1909f56bfc062723c751e8b465ee728b)
Start importing Assets/Architecture Pack/Architecture/Prefabs/Doors/Doorframe.prefab using Guid(6ad903979598143cc9833d8cdd6ccda0) Importer(815301076,1909f56bfc062723c751e8b465ee728b)  -> (artifact id: 'b89b040d750de45b0a5416ce4fb75317') in 0.017264 seconds 
========================================================================
Received Import Request.
  Time since last request: 0.000030 seconds.
  path: Assets/_Flashlight PRO/_PREFABS/Flashlight.prefab
  artifactKey: Guid(47af58fd905aee649a315f604914d38e) Importer(815301076,1909f56bfc062723c751e8b465ee728b)
Start importing Assets/_Flashlight PRO/_PREFABS/Flashlight.prefab using Guid(47af58fd905aee649a315f604914d38e) Importer(815301076,1909f56bfc062723c751e8b465ee728b)  -> (artifact id: '81b444a787ec58585156a52c30c472c6') in 0.048112 seconds 
========================================================================
Received Import Request.
  Time since last request: 0.000032 seconds.
  path: Assets/Architecture Pack/Architecture/Prefabs/Doors/DoorHandle_Base.prefab
  artifactKey: Guid(1d2ffeee32ba148668228940cbf6f36d) Importer(815301076,1909f56bfc062723c751e8b465ee728b)
Start importing Assets/Architecture Pack/Architecture/Prefabs/Doors/DoorHandle_Base.prefab using Guid(1d2ffeee32ba148668228940cbf6f36d) Importer(815301076,1909f56bfc062723c751e8b465ee728b)  -> (artifact id: '1132a45d43ad55dd8f710d99dcb42a88') in 0.020300 seconds 
========================================================================
Received Import Request.
  Time since last request: 0.000031 seconds.
  path: Assets/Architecture Pack/Architecture/Prefabs/Floor/Floor_1.5x1.5.prefab
  artifactKey: Guid(0c95830dc71834408b7c4f0f68657e9f) Importer(815301076,1909f56bfc062723c751e8b465ee728b)
Start importing Assets/Architecture Pack/Architecture/Prefabs/Floor/Floor_1.5x1.5.prefab using Guid(0c95830dc71834408b7c4f0f68657e9f) Importer(815301076,1909f56bfc062723c751e8b465ee728b)  -> (artifact id: 'd6a13a5ef0fc4c62f96b70bbc4e8d272') in 0.021606 seconds 
========================================================================
Received Import Request.
  Time since last request: 0.000035 seconds.
  path: Assets/_Flashlight PRO/_Assets/mesh/flashlight_a_obj.obj
  artifactKey: Guid(39a377572f9e08940a68cb142f77838f) Importer(815301076,1909f56bfc062723c751e8b465ee728b)
Start importing Assets/_Flashlight PRO/_Assets/mesh/flashlight_a_obj.obj using Guid(39a377572f9e08940a68cb142f77838f) Importer(815301076,1909f56bfc062723c751e8b465ee728b)  -> (artifact id: '62cf2a53b363431c0528a1a65c6e1f1a') in 0.036643 seconds 
========================================================================
Received Import Request.
  Time since last request: 0.237752 seconds.
  path: Assets/Architecture Pack/Architecture/Prefabs/Floor/Floor_1.5x1_Hatch.prefab
  artifactKey: Guid(3ac2a3a7085bf440ea3338d003833cbc) Importer(815301076,1909f56bfc062723c751e8b465ee728b)
Start importing Assets/Architecture Pack/Architecture/Prefabs/Floor/Floor_1.5x1_Hatch.prefab using Guid(3ac2a3a7085bf440ea3338d003833cbc) Importer(815301076,1909f56bfc062723c751e8b465ee728b)  -> (artifact id: '99987ebc786122de3ebad0f5bcb74ae7') in 0.018848 seconds 
========================================================================
Received Import Request.
  Time since last request: 0.000035 seconds.
  path: Assets/Architecture Pack/Architecture/Prefabs/Floor/Floor_1.5x3_H.prefab
  artifactKey: Guid(fba56a8000aaa4324bd0ba43dbd6da6b) Importer(815301076,1909f56bfc062723c751e8b465ee728b)
Start importing Assets/Architecture Pack/Architecture/Prefabs/Floor/Floor_1.5x3_H.prefab using Guid(fba56a8000aaa4324bd0ba43dbd6da6b) Importer(815301076,1909f56bfc062723c751e8b465ee728b)  -> (artifact id: '4ea278e6f1a2d25481381bd40d7ba525') in 0.027288 seconds 
========================================================================
Received Import Request.
  Time since last request: 0.375401 seconds.
  path: Assets/Architecture Pack/Architecture/Prefabs/Floor/Floor_1.5x3_H_Hatch.prefab
  artifactKey: Guid(713a5405e9f104d9fa8900b3ac92d4bd) Importer(815301076,1909f56bfc062723c751e8b465ee728b)
Start importing Assets/Architecture Pack/Architecture/Prefabs/Floor/Floor_1.5x3_H_Hatch.prefab using Guid(713a5405e9f104d9fa8900b3ac92d4bd) Importer(815301076,1909f56bfc062723c751e8b465ee728b)  -> (artifact id: 'b303923776da032a0824f7ff83b73b8a') in 0.017797 seconds 
========================================================================
Received Import Request.
  Time since last request: 0.000036 seconds.
  path: Assets/Architecture Pack/Architecture/Prefabs/Floor/Floor_1.5x3_V.prefab
  artifactKey: Guid(7694f2598938f4d0082914eaf515db44) Importer(815301076,1909f56bfc062723c751e8b465ee728b)
Start importing Assets/Architecture Pack/Architecture/Prefabs/Floor/Floor_1.5x3_V.prefab using Guid(7694f2598938f4d0082914eaf515db44) Importer(815301076,1909f56bfc062723c751e8b465ee728b)  -> (artifact id: '9d737d01cafca7cea7abd85f842b90a7') in 0.036180 seconds 
========================================================================
Received Import Request.
  Time since last request: 0.000043 seconds.
  path: Assets/Architecture Pack/Architecture/Prefabs/Floor/Floor_1.5x3_V_Hatch.prefab
  artifactKey: Guid(acd4b157735e94bd28b28ebeef24626c) Importer(815301076,1909f56bfc062723c751e8b465ee728b)
Start importing Assets/Architecture Pack/Architecture/Prefabs/Floor/Floor_1.5x3_V_Hatch.prefab using Guid(acd4b157735e94bd28b28ebeef24626c) Importer(815301076,1909f56bfc062723c751e8b465ee728b)  -> (artifact id: 'abe47704e0b06676497598db1916298f') in 0.020101 seconds 
========================================================================
Received Import Request.
  Time since last request: 0.000036 seconds.
  path: Assets/Architecture Pack/Architecture/Prefabs/Floor/Floor_3x3.prefab
  artifactKey: Guid(a8ff5cab6ee014652860b1c161633c89) Importer(815301076,1909f56bfc062723c751e8b465ee728b)
Start importing Assets/Architecture Pack/Architecture/Prefabs/Floor/Floor_3x3.prefab using Guid(a8ff5cab6ee014652860b1c161633c89) Importer(815301076,1909f56bfc062723c751e8b465ee728b)  -> (artifact id: '19df4ee5c8959142a44d90aaf87bdd87') in 0.019805 seconds 
========================================================================
Received Import Request.
  Time since last request: 0.723479 seconds.
  path: Assets/Architecture Pack/Architecture/Prefabs/Floor/Floor_3x3_Hatch.prefab
  artifactKey: Guid(80e8f443b8654444c9a322edce9aae0d) Importer(815301076,1909f56bfc062723c751e8b465ee728b)
Start importing Assets/Architecture Pack/Architecture/Prefabs/Floor/Floor_3x3_Hatch.prefab using Guid(80e8f443b8654444c9a322edce9aae0d) Importer(815301076,1909f56bfc062723c751e8b465ee728b)  -> (artifact id: '3cf7d9ea94afa043294285924ac8b61c') in 0.020545 seconds 
========================================================================
Received Import Request.
  Time since last request: 0.000030 seconds.
  path: Assets/Architecture Pack/Architecture/Prefabs/Floor/FloorHatch.prefab
  artifactKey: Guid(68ecd4dc583ad4a29bdb45106d46e18e) Importer(815301076,1909f56bfc062723c751e8b465ee728b)
Start importing Assets/Architecture Pack/Architecture/Prefabs/Floor/FloorHatch.prefab using Guid(68ecd4dc583ad4a29bdb45106d46e18e) Importer(815301076,1909f56bfc062723c751e8b465ee728b)  -> (artifact id: '63c0cd27252ee18df4441e58732d984a') in 0.019106 seconds 
========================================================================
Received Import Request.
  Time since last request: 0.017914 seconds.
  path: Assets/Architecture Pack/Architecture/Prefabs/Floor/FloorHatch_Cap.prefab
  artifactKey: Guid(f52d6197653254b81b65276627afae22) Importer(815301076,1909f56bfc062723c751e8b465ee728b)
Start importing Assets/Architecture Pack/Architecture/Prefabs/Floor/FloorHatch_Cap.prefab using Guid(f52d6197653254b81b65276627afae22) Importer(815301076,1909f56bfc062723c751e8b465ee728b)  -> (artifact id: '19425f5aa198040209c5ed88c7e47c0c') in 0.017798 seconds 
========================================================================
Received Import Request.
  Time since last request: 0.716028 seconds.
  path: Assets/Mannequins/Prefabs/mannequin_01.prefab
  artifactKey: Guid(7d3e1e087a6fd684da2b08ef5c3fe259) Importer(815301076,1909f56bfc062723c751e8b465ee728b)
Start importing Assets/Mannequins/Prefabs/mannequin_01.prefab using Guid(7d3e1e087a6fd684da2b08ef5c3fe259) Importer(815301076,1909f56bfc062723c751e8b465ee728b)  -> (artifact id: '6ef768f43e50559ec7538d3857220c0f') in 0.036662 seconds 
========================================================================
Received Import Request.
  Time since last request: 0.342277 seconds.
  path: Assets/Mannequins/Prefabs/mannequin_02.prefab
  artifactKey: Guid(2c500abd2ae735a4193dbc5d6b65c168) Importer(815301076,1909f56bfc062723c751e8b465ee728b)
Start importing Assets/Mannequins/Prefabs/mannequin_02.prefab using Guid(2c500abd2ae735a4193dbc5d6b65c168) Importer(815301076,1909f56bfc062723c751e8b465ee728b)  -> (artifact id: '23fbb731fa9101d9d891de21eebc361b') in 0.023616 seconds 
========================================================================
Received Import Request.
  Time since last request: 0.000034 seconds.
  path: Assets/Mannequins/Prefabs/mannequin_03.prefab
  artifactKey: Guid(a27592729ba4d2c4fb327d29f1658d04) Importer(815301076,1909f56bfc062723c751e8b465ee728b)
Start importing Assets/Mannequins/Prefabs/mannequin_03.prefab using Guid(a27592729ba4d2c4fb327d29f1658d04) Importer(815301076,1909f56bfc062723c751e8b465ee728b)  -> (artifact id: '55d2bfb059c69acfc15b4a875f95a12a') in 0.030571 seconds 
========================================================================
Received Import Request.
  Time since last request: 0.549139 seconds.
  path: Assets/Mannequins/Prefabs/mannequin_04.prefab
  artifactKey: Guid(965fb1c4c175a8441acadb28285b4aca) Importer(815301076,1909f56bfc062723c751e8b465ee728b)
Start importing Assets/Mannequins/Prefabs/mannequin_04.prefab using Guid(965fb1c4c175a8441acadb28285b4aca) Importer(815301076,1909f56bfc062723c751e8b465ee728b)  -> (artifact id: '99e0cdcbcb81c610e4a57603eb134d36') in 0.023972 seconds 
========================================================================
Received Import Request.
  Time since last request: 0.000030 seconds.
  path: Assets/Mannequins/Prefabs/mannequin_arm_left_a.prefab
  artifactKey: Guid(546b99a4be32b6e489743c9f26ed2557) Importer(815301076,1909f56bfc062723c751e8b465ee728b)
Start importing Assets/Mannequins/Prefabs/mannequin_arm_left_a.prefab using Guid(546b99a4be32b6e489743c9f26ed2557) Importer(815301076,1909f56bfc062723c751e8b465ee728b)  -> (artifact id: 'fd7c252675beb1e88fc99963aad92073') in 0.027515 seconds 
========================================================================
Received Import Request.
  Time since last request: 0.020789 seconds.
  path: Assets/Mannequins/Prefabs/mannequin_arm_left_b.prefab
  artifactKey: Guid(49e68c4727aa20c4eb05f3620d528a13) Importer(815301076,1909f56bfc062723c751e8b465ee728b)
Start importing Assets/Mannequins/Prefabs/mannequin_arm_left_b.prefab using Guid(49e68c4727aa20c4eb05f3620d528a13) Importer(815301076,1909f56bfc062723c751e8b465ee728b)  -> (artifact id: '67ceaaeeb39eb9eaa8bddd7acd8470f7') in 0.023661 seconds 
========================================================================
Received Import Request.
  Time since last request: 0.000037 seconds.
  path: Assets/Mannequins/Prefabs/mannequin_arm_right_a.prefab
  artifactKey: Guid(e609541a4bce7ea40b2388173e231764) Importer(815301076,1909f56bfc062723c751e8b465ee728b)
Start importing Assets/Mannequins/Prefabs/mannequin_arm_right_a.prefab using Guid(e609541a4bce7ea40b2388173e231764) Importer(815301076,1909f56bfc062723c751e8b465ee728b)  -> (artifact id: 'ae30a74bc437a0d86c7b9b47744a3114') in 0.026471 seconds 
========================================================================
Received Import Request.
  Time since last request: 0.227308 seconds.
  path: Assets/Mannequins/Prefabs/mannequin_arm_right_b.prefab
  artifactKey: Guid(0b4bd9c6bad3b194d82b7094560f3754) Importer(815301076,1909f56bfc062723c751e8b465ee728b)
Start importing Assets/Mannequins/Prefabs/mannequin_arm_right_b.prefab using Guid(0b4bd9c6bad3b194d82b7094560f3754) Importer(815301076,1909f56bfc062723c751e8b465ee728b)  -> (artifact id: '0612d9c4dd13c5bf387d7b03a37b388c') in 0.022257 seconds 
========================================================================
Received Import Request.
  Time since last request: 0.000035 seconds.
  path: Assets/Mannequins/Prefabs/mannequin_body.prefab
  artifactKey: Guid(b839fd53a43e21d4c9cecf64943ff895) Importer(815301076,1909f56bfc062723c751e8b465ee728b)
Start importing Assets/Mannequins/Prefabs/mannequin_body.prefab using Guid(b839fd53a43e21d4c9cecf64943ff895) Importer(815301076,1909f56bfc062723c751e8b465ee728b)  -> (artifact id: '8d0c881870705e691cc509dc421780b8') in 0.025635 seconds 
========================================================================
Received Import Request.
  Time since last request: 0.020189 seconds.
  path: Assets/Mannequins/Prefabs/mannequin_head.prefab
  artifactKey: Guid(491553f8c15876841a3444d338a30f74) Importer(815301076,1909f56bfc062723c751e8b465ee728b)
Start importing Assets/Mannequins/Prefabs/mannequin_head.prefab using Guid(491553f8c15876841a3444d338a30f74) Importer(815301076,1909f56bfc062723c751e8b465ee728b)  -> (artifact id: '64e602f24e1044cf787a62f1e4a25e92') in 0.027148 seconds 
========================================================================
Received Import Request.
  Time since last request: 0.000034 seconds.
  path: Assets/Mannequins/Prefabs/mannequin_leg_left.prefab
  artifactKey: Guid(2b3a5459230037e47bcecf1adad18846) Importer(815301076,1909f56bfc062723c751e8b465ee728b)
Start importing Assets/Mannequins/Prefabs/mannequin_leg_left.prefab using Guid(2b3a5459230037e47bcecf1adad18846) Importer(815301076,1909f56bfc062723c751e8b465ee728b)  -> (artifact id: '7ceff80f1ca3410f1045d445e0fb1fed') in 0.028465 seconds 
========================================================================
Received Import Request.
  Time since last request: 0.408773 seconds.
  path: Assets/Mannequins/Prefabs/mannequin_leg_right.prefab
  artifactKey: Guid(3fff0e6738c08c94c9749a0d9b51788a) Importer(815301076,1909f56bfc062723c751e8b465ee728b)
Start importing Assets/Mannequins/Prefabs/mannequin_leg_right.prefab using Guid(3fff0e6738c08c94c9749a0d9b51788a) Importer(815301076,1909f56bfc062723c751e8b465ee728b)  -> (artifact id: 'c521aad9429b482d68c2e5b0df36e5be') in 0.023032 seconds 
========================================================================
Received Import Request.
  Time since last request: 226.180029 seconds.
  path: Assets/3dModels/Jardin/3d-model.fbx
  artifactKey: Guid(7a11999fbf71422438e22fe28ce4fc3d) Importer(815301076,1909f56bfc062723c751e8b465ee728b)
Start importing Assets/3dModels/Jardin/3d-model.fbx using Guid(7a11999fbf71422438e22fe28ce4fc3d) Importer(815301076,1909f56bfc062723c751e8b465ee728b)  -> (artifact id: 'a7541d7b640c26ceed483ff878c80cce') in 0.080854 seconds 
========================================================================
Received Prepare
Registering precompiled user dll's ...
Registered in 0.006376 seconds.
Begin MonoManager ReloadAssembly
Symbol file LoadedFromMemory doesn't match image D:\PMM\PMM - Unity Project\Library\PackageCache\com.unity.visualscripting@1.7.8\Editor\VisualScripting.Core\Dependencies\YamlDotNet\Unity.VisualScripting.YamlDotNet.dll
Symbol file LoadedFromMemory doesn't match image D:\PMM\PMM - Unity Project\Library\PackageCache\com.unity.visualscripting@1.7.8\Editor\VisualScripting.Core\Dependencies\DotNetZip\Unity.VisualScripting.IonicZip.dll
Native extension for WindowsStandalone target not found
Refreshing native plugins compatible for Editor in 2.07 ms, found 3 plugins.
Preloading 0 native plugins for Editor in 0.00 ms.
Mono: successfully reloaded assembly
- Completed reload, in  2.072 seconds
Domain Reload Profiling:
	ReloadAssembly (2073ms)
		BeginReloadAssembly (213ms)
			ExecutionOrderSort (0ms)
			DisableScriptedObjects (13ms)
			BackupInstance (0ms)
			ReleaseScriptingObjects (0ms)
			CreateAndSetChildDomain (68ms)
		EndReloadAssembly (1696ms)
			LoadAssemblies (120ms)
			RebuildTransferFunctionScriptingTraits (0ms)
			SetupTypeCache (488ms)
			ReleaseScriptCaches (2ms)
			RebuildScriptCaches (74ms)
			SetupLoadedEditorAssemblies (891ms)
				LogAssemblyErrors (0ms)
				InitializePlatformSupportModulesInManaged (24ms)
				SetLoadedEditorAssemblies (1ms)
				RefreshPlugins (2ms)
				BeforeProcessingInitializeOnLoad (150ms)
				ProcessInitializeOnLoadAttributes (558ms)
				ProcessInitializeOnLoadMethodAttributes (145ms)
				AfterProcessingInitializeOnLoad (11ms)
				EditorAssembliesLoaded (0ms)
			ExecutionOrderSort2 (0ms)
			AwakeInstancesAfterBackupRestoration (19ms)
Platform modules already initialized, skipping
Refreshing native plugins compatible for Editor in 4.21 ms, found 3 plugins.
Preloading 0 native plugins for Editor in 0.00 ms.
Unloading 5871 Unused Serialized files (Serialized files now loaded: 0)
Unloading 36 unused Assets / (0.9 MB). Loaded Objects now: 6577.
Memory consumption went from 262.4 MB to 261.5 MB.
Total: 7.303100 ms (FindLiveObjects: 0.705500 ms CreateObjectMapping: 0.746400 ms MarkObjects: 5.144500 ms  DeleteObjects: 0.704900 ms)

AssetImportParameters requested are different than current active one (requested -> active):
  custom:video-decoder-ogg-theora: a1e56fd34408186e4bbccfd4996cb3dc -> 
  custom:container-muxer-webm: aa71ff27fc2769a1b78a27578f13a17b -> 
  custom:container-demuxer-webm: 4f35f7cbe854078d1ac9338744f61a02 -> 
  custom:video-encoder-webm-vp8: eb34c28f22e8b96e1ab97ce403110664 -> 
  custom:audio-encoder-webm-vorbis: bf7c407c2cedff20999df2af8eb42d56 -> 
  custom:framework-win-MediaFoundation: 216162199b28c13a410421893ffa2e32 -> 
  custom:container-demuxer-ogg: 62fdf1f143b41e24485cea50d1cbac27 -> 
  custom:video-decoder-webm-vp8: 9c59270c3fd7afecdb556c50c9e8de78 -> 
  custom:audio-decoder-ogg-vorbis: bf7c407c2cedff20999df2af8eb42d56 -> 
========================================================================
Received Prepare
Registering precompiled user dll's ...
Registered in 0.006244 seconds.
Begin MonoManager ReloadAssembly
Symbol file LoadedFromMemory doesn't match image D:\PMM\PMM - Unity Project\Library\PackageCache\com.unity.visualscripting@1.7.8\Editor\VisualScripting.Core\Dependencies\YamlDotNet\Unity.VisualScripting.YamlDotNet.dll
Symbol file LoadedFromMemory doesn't match image D:\PMM\PMM - Unity Project\Library\PackageCache\com.unity.visualscripting@1.7.8\Editor\VisualScripting.Core\Dependencies\DotNetZip\Unity.VisualScripting.IonicZip.dll
Native extension for WindowsStandalone target not found
Refreshing native plugins compatible for Editor in 1.36 ms, found 3 plugins.
Preloading 0 native plugins for Editor in 0.00 ms.
Mono: successfully reloaded assembly
- Completed reload, in  1.982 seconds
Domain Reload Profiling:
	ReloadAssembly (1983ms)
		BeginReloadAssembly (192ms)
			ExecutionOrderSort (0ms)
			DisableScriptedObjects (8ms)
			BackupInstance (0ms)
			ReleaseScriptingObjects (0ms)
			CreateAndSetChildDomain (62ms)
		EndReloadAssembly (1640ms)
			LoadAssemblies (122ms)
			RebuildTransferFunctionScriptingTraits (0ms)
			SetupTypeCache (491ms)
			ReleaseScriptCaches (2ms)
			RebuildScriptCaches (72ms)
			SetupLoadedEditorAssemblies (840ms)
				LogAssemblyErrors (0ms)
				InitializePlatformSupportModulesInManaged (17ms)
				SetLoadedEditorAssemblies (1ms)
				RefreshPlugins (1ms)
				BeforeProcessingInitializeOnLoad (136ms)
				ProcessInitializeOnLoadAttributes (536ms)
				ProcessInitializeOnLoadMethodAttributes (138ms)
				AfterProcessingInitializeOnLoad (10ms)
				EditorAssembliesLoaded (0ms)
			ExecutionOrderSort2 (0ms)
			AwakeInstancesAfterBackupRestoration (18ms)
Platform modules already initialized, skipping
Refreshing native plugins compatible for Editor in 3.35 ms, found 3 plugins.
Preloading 0 native plugins for Editor in 0.00 ms.
Unloading 5872 Unused Serialized files (Serialized files now loaded: 0)
Unloading 31 unused Assets / (0.8 MB). Loaded Objects now: 6592.
Memory consumption went from 262.4 MB to 261.5 MB.
Total: 6.341000 ms (FindLiveObjects: 0.713800 ms CreateObjectMapping: 0.747200 ms MarkObjects: 4.326100 ms  DeleteObjects: 0.551700 ms)

AssetImportParameters requested are different than current active one (requested -> active):
  custom:video-decoder-ogg-theora: a1e56fd34408186e4bbccfd4996cb3dc -> 
  custom:container-muxer-webm: aa71ff27fc2769a1b78a27578f13a17b -> 
  custom:container-demuxer-webm: 4f35f7cbe854078d1ac9338744f61a02 -> 
  custom:video-encoder-webm-vp8: eb34c28f22e8b96e1ab97ce403110664 -> 
  custom:audio-encoder-webm-vorbis: bf7c407c2cedff20999df2af8eb42d56 -> 
  custom:framework-win-MediaFoundation: 216162199b28c13a410421893ffa2e32 -> 
  custom:container-demuxer-ogg: 62fdf1f143b41e24485cea50d1cbac27 -> 
  custom:video-decoder-webm-vp8: 9c59270c3fd7afecdb556c50c9e8de78 -> 
  custom:audio-decoder-ogg-vorbis: bf7c407c2cedff20999df2af8eb42d56 -> 
========================================================================
Received Prepare
Registering precompiled user dll's ...
Registered in 0.006560 seconds.
Begin MonoManager ReloadAssembly
Symbol file LoadedFromMemory doesn't match image D:\PMM\PMM - Unity Project\Library\PackageCache\com.unity.visualscripting@1.7.8\Editor\VisualScripting.Core\Dependencies\YamlDotNet\Unity.VisualScripting.YamlDotNet.dll
Symbol file LoadedFromMemory doesn't match image D:\PMM\PMM - Unity Project\Library\PackageCache\com.unity.visualscripting@1.7.8\Editor\VisualScripting.Core\Dependencies\DotNetZip\Unity.VisualScripting.IonicZip.dll
Native extension for WindowsStandalone target not found
Refreshing native plugins compatible for Editor in 1.73 ms, found 3 plugins.
Preloading 0 native plugins for Editor in 0.00 ms.
Mono: successfully reloaded assembly
- Completed reload, in  2.174 seconds
Domain Reload Profiling:
	ReloadAssembly (2175ms)
		BeginReloadAssembly (227ms)
			ExecutionOrderSort (0ms)
			DisableScriptedObjects (8ms)
			BackupInstance (0ms)
			ReleaseScriptingObjects (0ms)
			CreateAndSetChildDomain (81ms)
		EndReloadAssembly (1799ms)
			LoadAssemblies (143ms)
			RebuildTransferFunctionScriptingTraits (0ms)
			SetupTypeCache (535ms)
			ReleaseScriptCaches (4ms)
			RebuildScriptCaches (84ms)
			SetupLoadedEditorAssemblies (902ms)
				LogAssemblyErrors (0ms)
				InitializePlatformSupportModulesInManaged (20ms)
				SetLoadedEditorAssemblies (1ms)
				RefreshPlugins (2ms)
				BeforeProcessingInitializeOnLoad (162ms)
				ProcessInitializeOnLoadAttributes (552ms)
				ProcessInitializeOnLoadMethodAttributes (154ms)
				AfterProcessingInitializeOnLoad (10ms)
				EditorAssembliesLoaded (0ms)
			ExecutionOrderSort2 (0ms)
			AwakeInstancesAfterBackupRestoration (20ms)
Platform modules already initialized, skipping
Refreshing native plugins compatible for Editor in 5.18 ms, found 3 plugins.
Preloading 0 native plugins for Editor in 0.00 ms.
Unloading 5872 Unused Serialized files (Serialized files now loaded: 0)
Unloading 31 unused Assets / (0.8 MB). Loaded Objects now: 6607.
Memory consumption went from 262.4 MB to 261.6 MB.
Total: 8.874000 ms (FindLiveObjects: 1.188100 ms CreateObjectMapping: 1.009600 ms MarkObjects: 5.980100 ms  DeleteObjects: 0.694000 ms)

AssetImportParameters requested are different than current active one (requested -> active):
  custom:video-decoder-ogg-theora: a1e56fd34408186e4bbccfd4996cb3dc -> 
  custom:container-muxer-webm: aa71ff27fc2769a1b78a27578f13a17b -> 
  custom:container-demuxer-webm: 4f35f7cbe854078d1ac9338744f61a02 -> 
  custom:video-encoder-webm-vp8: eb34c28f22e8b96e1ab97ce403110664 -> 
  custom:audio-encoder-webm-vorbis: bf7c407c2cedff20999df2af8eb42d56 -> 
  custom:framework-win-MediaFoundation: 216162199b28c13a410421893ffa2e32 -> 
  custom:container-demuxer-ogg: 62fdf1f143b41e24485cea50d1cbac27 -> 
  custom:video-decoder-webm-vp8: 9c59270c3fd7afecdb556c50c9e8de78 -> 
  custom:audio-decoder-ogg-vorbis: bf7c407c2cedff20999df2af8eb42d56 -> 
========================================================================
Received Prepare
Registering precompiled user dll's ...
Registered in 0.006450 seconds.
Begin MonoManager ReloadAssembly
Symbol file LoadedFromMemory doesn't match image D:\PMM\PMM - Unity Project\Library\PackageCache\com.unity.visualscripting@1.7.8\Editor\VisualScripting.Core\Dependencies\YamlDotNet\Unity.VisualScripting.YamlDotNet.dll
Symbol file LoadedFromMemory doesn't match image D:\PMM\PMM - Unity Project\Library\PackageCache\com.unity.visualscripting@1.7.8\Editor\VisualScripting.Core\Dependencies\DotNetZip\Unity.VisualScripting.IonicZip.dll
Native extension for WindowsStandalone target not found
Refreshing native plugins compatible for Editor in 2.00 ms, found 3 plugins.
Preloading 0 native plugins for Editor in 0.00 ms.
Mono: successfully reloaded assembly
- Completed reload, in  3.047 seconds
Domain Reload Profiling:
	ReloadAssembly (3048ms)
		BeginReloadAssembly (402ms)
			ExecutionOrderSort (0ms)
			DisableScriptedObjects (9ms)
			BackupInstance (0ms)
			ReleaseScriptingObjects (0ms)
			CreateAndSetChildDomain (80ms)
		EndReloadAssembly (2423ms)
			LoadAssemblies (318ms)
			RebuildTransferFunctionScriptingTraits (0ms)
			SetupTypeCache (1074ms)
			ReleaseScriptCaches (3ms)
			RebuildScriptCaches (91ms)
			SetupLoadedEditorAssemblies (853ms)
				LogAssemblyErrors (0ms)
				InitializePlatformSupportModulesInManaged (21ms)
				SetLoadedEditorAssemblies (1ms)
				RefreshPlugins (2ms)
				BeforeProcessingInitializeOnLoad (144ms)
				ProcessInitializeOnLoadAttributes (537ms)
				ProcessInitializeOnLoadMethodAttributes (138ms)
				AfterProcessingInitializeOnLoad (11ms)
				EditorAssembliesLoaded (0ms)
			ExecutionOrderSort2 (0ms)
			AwakeInstancesAfterBackupRestoration (19ms)
Platform modules already initialized, skipping
Refreshing native plugins compatible for Editor in 3.43 ms, found 3 plugins.
Preloading 0 native plugins for Editor in 0.00 ms.
Unloading 5872 Unused Serialized files (Serialized files now loaded: 0)
Unloading 31 unused Assets / (0.8 MB). Loaded Objects now: 6622.
Memory consumption went from 262.4 MB to 261.5 MB.
Total: 5.824100 ms (FindLiveObjects: 0.625900 ms CreateObjectMapping: 0.545000 ms MarkObjects: 4.166200 ms  DeleteObjects: 0.485800 ms)

AssetImportParameters requested are different than current active one (requested -> active):
  custom:video-decoder-ogg-theora: a1e56fd34408186e4bbccfd4996cb3dc -> 
  custom:container-muxer-webm: aa71ff27fc2769a1b78a27578f13a17b -> 
  custom:container-demuxer-webm: 4f35f7cbe854078d1ac9338744f61a02 -> 
  custom:video-encoder-webm-vp8: eb34c28f22e8b96e1ab97ce403110664 -> 
  custom:audio-encoder-webm-vorbis: bf7c407c2cedff20999df2af8eb42d56 -> 
  custom:framework-win-MediaFoundation: 216162199b28c13a410421893ffa2e32 -> 
  custom:container-demuxer-ogg: 62fdf1f143b41e24485cea50d1cbac27 -> 
  custom:video-decoder-webm-vp8: 9c59270c3fd7afecdb556c50c9e8de78 -> 
  custom:audio-decoder-ogg-vorbis: bf7c407c2cedff20999df2af8eb42d56 -> 
